{"/home/matteo/Desktop/projects/cubingitaly-backend/src/db/entity/article.entity.ts":{"path":"/home/matteo/Desktop/projects/cubingitaly-backend/src/db/entity/article.entity.ts","statementMap":{"0":{"start":{"line":2,"column":17},"end":{"line":7,"column":1}},"1":{"start":{"line":3,"column":12},"end":{"line":3,"column":28}},"2":{"start":{"line":3,"column":34},"end":{"line":3,"column":125}},"3":{"start":{"line":4,"column":4},"end":{"line":5,"column":150}},"4":{"start":{"line":4,"column":79},"end":{"line":4,"column":131}},"5":{"start":{"line":5,"column":9},"end":{"line":5,"column":150}},"6":{"start":{"line":5,"column":58},"end":{"line":5,"column":150}},"7":{"start":{"line":5,"column":81},"end":{"line":5,"column":150}},"8":{"start":{"line":6,"column":4},"end":{"line":6,"column":66}},"9":{"start":{"line":8,"column":17},"end":{"line":10,"column":1}},"10":{"start":{"line":9,"column":4},"end":{"line":9,"column":109}},"11":{"start":{"line":9,"column":79},"end":{"line":9,"column":109}},"12":{"start":{"line":11,"column":0},"end":{"line":11,"column":62}},"13":{"start":{"line":12,"column":18},"end":{"line":12,"column":36}},"14":{"start":{"line":13,"column":24},"end":{"line":13,"column":69}},"15":{"start":{"line":14,"column":26},"end":{"line":14,"column":54}},"16":{"start":{"line":15,"column":22},"end":{"line":15,"column":46}},"17":{"start":{"line":24,"column":20},"end":{"line":79,"column":1}},"18":{"start":{"line":32,"column":8},"end":{"line":32,"column":28}},"19":{"start":{"line":33,"column":8},"end":{"line":33,"column":38}},"20":{"start":{"line":34,"column":8},"end":{"line":34,"column":49}},"21":{"start":{"line":35,"column":8},"end":{"line":39,"column":11}},"22":{"start":{"line":36,"column":22},"end":{"line":36,"column":67}},"23":{"start":{"line":37,"column":12},"end":{"line":37,"column":38}},"24":{"start":{"line":38,"column":12},"end":{"line":38,"column":23}},"25":{"start":{"line":40,"column":8},"end":{"line":40,"column":34}},"26":{"start":{"line":41,"column":8},"end":{"line":41,"column":38}},"27":{"start":{"line":42,"column":8},"end":{"line":42,"column":46}},"28":{"start":{"line":43,"column":8},"end":{"line":43,"column":44}},"29":{"start":{"line":44,"column":8},"end":{"line":47,"column":9}},"30":{"start":{"line":45,"column":12},"end":{"line":45,"column":57}},"31":{"start":{"line":46,"column":12},"end":{"line":46,"column":51}},"32":{"start":{"line":48,"column":8},"end":{"line":51,"column":9}},"33":{"start":{"line":49,"column":12},"end":{"line":49,"column":61}},"34":{"start":{"line":50,"column":12},"end":{"line":50,"column":59}},"35":{"start":{"line":60,"column":22},"end":{"line":60,"column":56}},"36":{"start":{"line":61,"column":8},"end":{"line":61,"column":29}},"37":{"start":{"line":62,"column":8},"end":{"line":62,"column":35}},"38":{"start":{"line":63,"column":8},"end":{"line":63,"column":39}},"39":{"start":{"line":64,"column":8},"end":{"line":64,"column":41}},"40":{"start":{"line":65,"column":8},"end":{"line":65,"column":39}},"41":{"start":{"line":66,"column":8},"end":{"line":66,"column":47}},"42":{"start":{"line":67,"column":8},"end":{"line":67,"column":45}},"43":{"start":{"line":68,"column":8},"end":{"line":70,"column":9}},"44":{"start":{"line":69,"column":12},"end":{"line":69,"column":54}},"45":{"start":{"line":71,"column":8},"end":{"line":73,"column":9}},"46":{"start":{"line":72,"column":12},"end":{"line":72,"column":76}},"47":{"start":{"line":72,"column":60},"end":{"line":72,"column":74}},"48":{"start":{"line":74,"column":8},"end":{"line":76,"column":9}},"49":{"start":{"line":75,"column":12},"end":{"line":75,"column":62}},"50":{"start":{"line":77,"column":8},"end":{"line":77,"column":23}},"51":{"start":{"line":80,"column":0},"end":{"line":83,"column":42}},"52":{"start":{"line":84,"column":0},"end":{"line":87,"column":45}},"53":{"start":{"line":88,"column":0},"end":{"line":91,"column":47}},"54":{"start":{"line":92,"column":0},"end":{"line":95,"column":51}},"55":{"start":{"line":96,"column":0},"end":{"line":99,"column":50}},"56":{"start":{"line":100,"column":0},"end":{"line":103,"column":47}},"57":{"start":{"line":104,"column":0},"end":{"line":107,"column":48}},"58":{"start":{"line":108,"column":0},"end":{"line":112,"column":50}},"59":{"start":{"line":109,"column":33},"end":{"line":109,"column":72}},"60":{"start":{"line":109,"column":86},"end":{"line":109,"column":103}},"61":{"start":{"line":113,"column":0},"end":{"line":117,"column":46}},"62":{"start":{"line":114,"column":32},"end":{"line":114,"column":56}},"63":{"start":{"line":114,"column":66},"end":{"line":114,"column":86}},"64":{"start":{"line":118,"column":0},"end":{"line":122,"column":50}},"65":{"start":{"line":119,"column":32},"end":{"line":119,"column":56}},"66":{"start":{"line":119,"column":66},"end":{"line":119,"column":85}},"67":{"start":{"line":123,"column":0},"end":{"line":125,"column":18}},"68":{"start":{"line":126,"column":0},"end":{"line":126,"column":38}}},"fnMap":{"0":{"name":"(anonymous_0)","decl":{"start":{"line":2,"column":46},"end":{"line":2,"column":47}},"loc":{"start":{"line":2,"column":87},"end":{"line":7,"column":1}},"line":2},"1":{"name":"(anonymous_1)","decl":{"start":{"line":8,"column":46},"end":{"line":8,"column":47}},"loc":{"start":{"line":8,"column":62},"end":{"line":10,"column":1}},"line":8},"2":{"name":"(anonymous_2)","decl":{"start":{"line":31,"column":4},"end":{"line":31,"column":5}},"loc":{"start":{"line":31,"column":24},"end":{"line":52,"column":5}},"line":31},"3":{"name":"(anonymous_3)","decl":{"start":{"line":35,"column":48},"end":{"line":35,"column":49}},"loc":{"start":{"line":35,"column":62},"end":{"line":39,"column":9}},"line":35},"4":{"name":"(anonymous_4)","decl":{"start":{"line":59,"column":4},"end":{"line":59,"column":5}},"loc":{"start":{"line":59,"column":17},"end":{"line":78,"column":5}},"line":59},"5":{"name":"(anonymous_5)","decl":{"start":{"line":72,"column":53},"end":{"line":72,"column":54}},"loc":{"start":{"line":72,"column":60},"end":{"line":72,"column":74}},"line":72},"6":{"name":"(anonymous_6)","decl":{"start":{"line":109,"column":25},"end":{"line":109,"column":26}},"loc":{"start":{"line":109,"column":33},"end":{"line":109,"column":72}},"line":109},"7":{"name":"(anonymous_7)","decl":{"start":{"line":109,"column":74},"end":{"line":109,"column":75}},"loc":{"start":{"line":109,"column":86},"end":{"line":109,"column":103}},"line":109},"8":{"name":"(anonymous_8)","decl":{"start":{"line":114,"column":24},"end":{"line":114,"column":25}},"loc":{"start":{"line":114,"column":32},"end":{"line":114,"column":56}},"line":114},"9":{"name":"(anonymous_9)","decl":{"start":{"line":114,"column":58},"end":{"line":114,"column":59}},"loc":{"start":{"line":114,"column":66},"end":{"line":114,"column":86}},"line":114},"10":{"name":"(anonymous_10)","decl":{"start":{"line":119,"column":24},"end":{"line":119,"column":25}},"loc":{"start":{"line":119,"column":32},"end":{"line":119,"column":56}},"line":119},"11":{"name":"(anonymous_11)","decl":{"start":{"line":119,"column":58},"end":{"line":119,"column":59}},"loc":{"start":{"line":119,"column":66},"end":{"line":119,"column":85}},"line":119}},"branchMap":{"0":{"loc":{"start":{"line":2,"column":17},"end":{"line":7,"column":1}},"type":"binary-expr","locations":[{"start":{"line":2,"column":18},"end":{"line":2,"column":22}},{"start":{"line":2,"column":26},"end":{"line":2,"column":41}},{"start":{"line":2,"column":46},"end":{"line":7,"column":1}}],"line":2},"1":{"loc":{"start":{"line":3,"column":34},"end":{"line":3,"column":125}},"type":"cond-expr","locations":[{"start":{"line":3,"column":42},"end":{"line":3,"column":48}},{"start":{"line":3,"column":51},"end":{"line":3,"column":125}}],"line":3},"2":{"loc":{"start":{"line":3,"column":51},"end":{"line":3,"column":125}},"type":"cond-expr","locations":[{"start":{"line":3,"column":67},"end":{"line":3,"column":118}},{"start":{"line":3,"column":121},"end":{"line":3,"column":125}}],"line":3},"3":{"loc":{"start":{"line":4,"column":4},"end":{"line":5,"column":150}},"type":"if","locations":[{"start":{"line":4,"column":4},"end":{"line":5,"column":150}},{"start":{"line":4,"column":4},"end":{"line":5,"column":150}}],"line":4},"4":{"loc":{"start":{"line":4,"column":8},"end":{"line":4,"column":77}},"type":"binary-expr","locations":[{"start":{"line":4,"column":8},"end":{"line":4,"column":35}},{"start":{"line":4,"column":39},"end":{"line":4,"column":77}}],"line":4},"5":{"loc":{"start":{"line":5,"column":58},"end":{"line":5,"column":150}},"type":"if","locations":[{"start":{"line":5,"column":58},"end":{"line":5,"column":150}},{"start":{"line":5,"column":58},"end":{"line":5,"column":150}}],"line":5},"6":{"loc":{"start":{"line":5,"column":85},"end":{"line":5,"column":149}},"type":"binary-expr","locations":[{"start":{"line":5,"column":86},"end":{"line":5,"column":143}},{"start":{"line":5,"column":148},"end":{"line":5,"column":149}}],"line":5},"7":{"loc":{"start":{"line":5,"column":86},"end":{"line":5,"column":143}},"type":"cond-expr","locations":[{"start":{"line":5,"column":94},"end":{"line":5,"column":98}},{"start":{"line":5,"column":101},"end":{"line":5,"column":143}}],"line":5},"8":{"loc":{"start":{"line":5,"column":101},"end":{"line":5,"column":143}},"type":"cond-expr","locations":[{"start":{"line":5,"column":109},"end":{"line":5,"column":126}},{"start":{"line":5,"column":129},"end":{"line":5,"column":143}}],"line":5},"9":{"loc":{"start":{"line":6,"column":11},"end":{"line":6,"column":62}},"type":"binary-expr","locations":[{"start":{"line":6,"column":11},"end":{"line":6,"column":16}},{"start":{"line":6,"column":20},"end":{"line":6,"column":21}},{"start":{"line":6,"column":25},"end":{"line":6,"column":62}}],"line":6},"10":{"loc":{"start":{"line":8,"column":17},"end":{"line":10,"column":1}},"type":"binary-expr","locations":[{"start":{"line":8,"column":18},"end":{"line":8,"column":22}},{"start":{"line":8,"column":26},"end":{"line":8,"column":41}},{"start":{"line":8,"column":46},"end":{"line":10,"column":1}}],"line":8},"11":{"loc":{"start":{"line":9,"column":4},"end":{"line":9,"column":109}},"type":"if","locations":[{"start":{"line":9,"column":4},"end":{"line":9,"column":109}},{"start":{"line":9,"column":4},"end":{"line":9,"column":109}}],"line":9},"12":{"loc":{"start":{"line":9,"column":8},"end":{"line":9,"column":77}},"type":"binary-expr","locations":[{"start":{"line":9,"column":8},"end":{"line":9,"column":35}},{"start":{"line":9,"column":39},"end":{"line":9,"column":77}}],"line":9},"13":{"loc":{"start":{"line":34,"column":24},"end":{"line":34,"column":48}},"type":"binary-expr","locations":[{"start":{"line":34,"column":24},"end":{"line":34,"column":39}},{"start":{"line":34,"column":43},"end":{"line":34,"column":48}}],"line":34},"14":{"loc":{"start":{"line":44,"column":8},"end":{"line":47,"column":9}},"type":"if","locations":[{"start":{"line":44,"column":8},"end":{"line":47,"column":9}},{"start":{"line":44,"column":8},"end":{"line":47,"column":9}}],"line":44},"15":{"loc":{"start":{"line":48,"column":8},"end":{"line":51,"column":9}},"type":"if","locations":[{"start":{"line":48,"column":8},"end":{"line":51,"column":9}},{"start":{"line":48,"column":8},"end":{"line":51,"column":9}}],"line":48},"16":{"loc":{"start":{"line":68,"column":8},"end":{"line":70,"column":9}},"type":"if","locations":[{"start":{"line":68,"column":8},"end":{"line":70,"column":9}},{"start":{"line":68,"column":8},"end":{"line":70,"column":9}}],"line":68},"17":{"loc":{"start":{"line":68,"column":12},"end":{"line":68,"column":61}},"type":"binary-expr","locations":[{"start":{"line":68,"column":12},"end":{"line":68,"column":37}},{"start":{"line":68,"column":41},"end":{"line":68,"column":61}}],"line":68},"18":{"loc":{"start":{"line":71,"column":8},"end":{"line":73,"column":9}},"type":"if","locations":[{"start":{"line":71,"column":8},"end":{"line":73,"column":9}},{"start":{"line":71,"column":8},"end":{"line":73,"column":9}}],"line":71},"19":{"loc":{"start":{"line":71,"column":12},"end":{"line":71,"column":69}},"type":"binary-expr","locations":[{"start":{"line":71,"column":12},"end":{"line":71,"column":41}},{"start":{"line":71,"column":45},"end":{"line":71,"column":69}}],"line":71},"20":{"loc":{"start":{"line":74,"column":8},"end":{"line":76,"column":9}},"type":"if","locations":[{"start":{"line":74,"column":8},"end":{"line":76,"column":9}},{"start":{"line":74,"column":8},"end":{"line":76,"column":9}}],"line":74},"21":{"loc":{"start":{"line":74,"column":12},"end":{"line":74,"column":69}},"type":"binary-expr","locations":[{"start":{"line":74,"column":12},"end":{"line":74,"column":41}},{"start":{"line":74,"column":45},"end":{"line":74,"column":69}}],"line":74}},"s":{"0":1,"1":11,"2":11,"3":11,"4":11,"5":0,"6":0,"7":0,"8":11,"9":1,"10":10,"11":10,"12":1,"13":1,"14":1,"15":1,"16":1,"17":1,"18":3,"19":3,"20":3,"21":3,"22":2,"23":2,"24":2,"25":3,"26":3,"27":3,"28":3,"29":3,"30":1,"31":1,"32":3,"33":1,"34":1,"35":3,"36":3,"37":3,"38":3,"39":3,"40":3,"41":3,"42":3,"43":3,"44":1,"45":3,"46":1,"47":2,"48":3,"49":1,"50":3,"51":1,"52":1,"53":1,"54":1,"55":1,"56":1,"57":1,"58":1,"59":9,"60":9,"61":1,"62":9,"63":9,"64":1,"65":9,"66":9,"67":1,"68":1},"f":{"0":11,"1":10,"2":3,"3":2,"4":3,"5":2,"6":9,"7":9,"8":9,"9":9,"10":9,"11":9},"b":{"0":[1,1,1],"1":[1,10],"2":[0,10],"3":[11,0],"4":[11,11],"5":[0,0],"6":[0,0],"7":[0,0],"8":[0,0],"9":[11,10,0],"10":[1,1,1],"11":[10,0],"12":[10,10],"13":[3,3],"14":[1,2],"15":[1,2],"16":[1,2],"17":[3,1],"18":[1,2],"19":[3,1],"20":[1,2],"21":[3,1]},"_coverageSchema":"43e27e138ebf9cfc5966b082cf9a028302ed4184","hash":"033358dbe4bbc72bc8bee8d55c86f865f754f948","contentHash":"e69b0acab1dbd5948c6349709ec9d8d4"},"/home/matteo/Desktop/projects/cubingitaly-backend/src/models/classes/article.model.ts":{"path":"/home/matteo/Desktop/projects/cubingitaly-backend/src/models/classes/article.model.ts","statementMap":{"0":{"start":{"line":2,"column":17},"end":{"line":7,"column":1}},"1":{"start":{"line":3,"column":12},"end":{"line":3,"column":28}},"2":{"start":{"line":3,"column":34},"end":{"line":3,"column":125}},"3":{"start":{"line":4,"column":4},"end":{"line":5,"column":150}},"4":{"start":{"line":4,"column":79},"end":{"line":4,"column":131}},"5":{"start":{"line":5,"column":9},"end":{"line":5,"column":150}},"6":{"start":{"line":5,"column":58},"end":{"line":5,"column":150}},"7":{"start":{"line":5,"column":81},"end":{"line":5,"column":150}},"8":{"start":{"line":6,"column":4},"end":{"line":6,"column":66}},"9":{"start":{"line":8,"column":17},"end":{"line":10,"column":1}},"10":{"start":{"line":9,"column":4},"end":{"line":9,"column":109}},"11":{"start":{"line":9,"column":79},"end":{"line":9,"column":109}},"12":{"start":{"line":11,"column":0},"end":{"line":11,"column":62}},"13":{"start":{"line":12,"column":20},"end":{"line":12,"column":40}},"14":{"start":{"line":13,"column":25},"end":{"line":13,"column":52}},"15":{"start":{"line":14,"column":21},"end":{"line":14,"column":44}},"16":{"start":{"line":27,"column":8},"end":{"line":27,"column":30}},"17":{"start":{"line":34,"column":8},"end":{"line":34,"column":29}},"18":{"start":{"line":37,"column":0},"end":{"line":40,"column":41}},"19":{"start":{"line":41,"column":0},"end":{"line":44,"column":46}},"20":{"start":{"line":45,"column":0},"end":{"line":48,"column":47}},"21":{"start":{"line":49,"column":0},"end":{"line":52,"column":49}},"22":{"start":{"line":53,"column":0},"end":{"line":56,"column":44}},"23":{"start":{"line":57,"column":0},"end":{"line":60,"column":46}},"24":{"start":{"line":61,"column":0},"end":{"line":64,"column":50}},"25":{"start":{"line":65,"column":0},"end":{"line":68,"column":49}},"26":{"start":{"line":69,"column":0},"end":{"line":72,"column":45}},"27":{"start":{"line":73,"column":0},"end":{"line":76,"column":49}},"28":{"start":{"line":77,"column":0},"end":{"line":77,"column":36}}},"fnMap":{"0":{"name":"(anonymous_0)","decl":{"start":{"line":2,"column":46},"end":{"line":2,"column":47}},"loc":{"start":{"line":2,"column":87},"end":{"line":7,"column":1}},"line":2},"1":{"name":"(anonymous_1)","decl":{"start":{"line":8,"column":46},"end":{"line":8,"column":47}},"loc":{"start":{"line":8,"column":62},"end":{"line":10,"column":1}},"line":8},"2":{"name":"(anonymous_2)","decl":{"start":{"line":22,"column":4},"end":{"line":22,"column":5}},"loc":{"start":{"line":22,"column":18},"end":{"line":35,"column":5}},"line":22}},"branchMap":{"0":{"loc":{"start":{"line":2,"column":17},"end":{"line":7,"column":1}},"type":"binary-expr","locations":[{"start":{"line":2,"column":18},"end":{"line":2,"column":22}},{"start":{"line":2,"column":26},"end":{"line":2,"column":41}},{"start":{"line":2,"column":46},"end":{"line":7,"column":1}}],"line":2},"1":{"loc":{"start":{"line":3,"column":34},"end":{"line":3,"column":125}},"type":"cond-expr","locations":[{"start":{"line":3,"column":42},"end":{"line":3,"column":48}},{"start":{"line":3,"column":51},"end":{"line":3,"column":125}}],"line":3},"2":{"loc":{"start":{"line":3,"column":51},"end":{"line":3,"column":125}},"type":"cond-expr","locations":[{"start":{"line":3,"column":67},"end":{"line":3,"column":118}},{"start":{"line":3,"column":121},"end":{"line":3,"column":125}}],"line":3},"3":{"loc":{"start":{"line":4,"column":4},"end":{"line":5,"column":150}},"type":"if","locations":[{"start":{"line":4,"column":4},"end":{"line":5,"column":150}},{"start":{"line":4,"column":4},"end":{"line":5,"column":150}}],"line":4},"4":{"loc":{"start":{"line":4,"column":8},"end":{"line":4,"column":77}},"type":"binary-expr","locations":[{"start":{"line":4,"column":8},"end":{"line":4,"column":35}},{"start":{"line":4,"column":39},"end":{"line":4,"column":77}}],"line":4},"5":{"loc":{"start":{"line":5,"column":58},"end":{"line":5,"column":150}},"type":"if","locations":[{"start":{"line":5,"column":58},"end":{"line":5,"column":150}},{"start":{"line":5,"column":58},"end":{"line":5,"column":150}}],"line":5},"6":{"loc":{"start":{"line":5,"column":85},"end":{"line":5,"column":149}},"type":"binary-expr","locations":[{"start":{"line":5,"column":86},"end":{"line":5,"column":143}},{"start":{"line":5,"column":148},"end":{"line":5,"column":149}}],"line":5},"7":{"loc":{"start":{"line":5,"column":86},"end":{"line":5,"column":143}},"type":"cond-expr","locations":[{"start":{"line":5,"column":94},"end":{"line":5,"column":98}},{"start":{"line":5,"column":101},"end":{"line":5,"column":143}}],"line":5},"8":{"loc":{"start":{"line":5,"column":101},"end":{"line":5,"column":143}},"type":"cond-expr","locations":[{"start":{"line":5,"column":109},"end":{"line":5,"column":126}},{"start":{"line":5,"column":129},"end":{"line":5,"column":143}}],"line":5},"9":{"loc":{"start":{"line":6,"column":11},"end":{"line":6,"column":62}},"type":"binary-expr","locations":[{"start":{"line":6,"column":11},"end":{"line":6,"column":16}},{"start":{"line":6,"column":20},"end":{"line":6,"column":21}},{"start":{"line":6,"column":25},"end":{"line":6,"column":62}}],"line":6},"10":{"loc":{"start":{"line":8,"column":17},"end":{"line":10,"column":1}},"type":"binary-expr","locations":[{"start":{"line":8,"column":18},"end":{"line":8,"column":22}},{"start":{"line":8,"column":26},"end":{"line":8,"column":41}},{"start":{"line":8,"column":46},"end":{"line":10,"column":1}}],"line":8},"11":{"loc":{"start":{"line":9,"column":4},"end":{"line":9,"column":109}},"type":"if","locations":[{"start":{"line":9,"column":4},"end":{"line":9,"column":109}},{"start":{"line":9,"column":4},"end":{"line":9,"column":109}}],"line":9},"12":{"loc":{"start":{"line":9,"column":8},"end":{"line":9,"column":77}},"type":"binary-expr","locations":[{"start":{"line":9,"column":8},"end":{"line":9,"column":35}},{"start":{"line":9,"column":39},"end":{"line":9,"column":77}}],"line":9}},"s":{"0":1,"1":10,"2":10,"3":10,"4":10,"5":0,"6":0,"7":0,"8":10,"9":1,"10":10,"11":10,"12":1,"13":1,"14":1,"15":1,"16":6,"17":6,"18":1,"19":1,"20":1,"21":1,"22":1,"23":1,"24":1,"25":1,"26":1,"27":1,"28":1},"f":{"0":10,"1":10,"2":6},"b":{"0":[1,1,1],"1":[0,10],"2":[0,10],"3":[10,0],"4":[10,10],"5":[0,0],"6":[0,0],"7":[0,0],"8":[0,0],"9":[10,10,0],"10":[1,1,1],"11":[10,0],"12":[10,10]},"_coverageSchema":"43e27e138ebf9cfc5966b082cf9a028302ed4184","hash":"54e64619cfd3e7ebb3cc00620d04ce85ccf37918","contentHash":"3e324ea784095ebe279afc0a014e7f09"},"/home/matteo/Desktop/projects/cubingitaly-backend/src/models/classes/category.model.ts":{"path":"/home/matteo/Desktop/projects/cubingitaly-backend/src/models/classes/category.model.ts","statementMap":{"0":{"start":{"line":2,"column":17},"end":{"line":7,"column":1}},"1":{"start":{"line":3,"column":12},"end":{"line":3,"column":28}},"2":{"start":{"line":3,"column":34},"end":{"line":3,"column":125}},"3":{"start":{"line":4,"column":4},"end":{"line":5,"column":150}},"4":{"start":{"line":4,"column":79},"end":{"line":4,"column":131}},"5":{"start":{"line":5,"column":9},"end":{"line":5,"column":150}},"6":{"start":{"line":5,"column":58},"end":{"line":5,"column":150}},"7":{"start":{"line":5,"column":81},"end":{"line":5,"column":150}},"8":{"start":{"line":6,"column":4},"end":{"line":6,"column":66}},"9":{"start":{"line":8,"column":17},"end":{"line":10,"column":1}},"10":{"start":{"line":9,"column":4},"end":{"line":9,"column":109}},"11":{"start":{"line":9,"column":79},"end":{"line":9,"column":109}},"12":{"start":{"line":11,"column":0},"end":{"line":11,"column":62}},"13":{"start":{"line":12,"column":20},"end":{"line":12,"column":40}},"14":{"start":{"line":21,"column":0},"end":{"line":24,"column":49}},"15":{"start":{"line":25,"column":0},"end":{"line":28,"column":51}},"16":{"start":{"line":29,"column":0},"end":{"line":29,"column":52}}},"fnMap":{"0":{"name":"(anonymous_0)","decl":{"start":{"line":2,"column":46},"end":{"line":2,"column":47}},"loc":{"start":{"line":2,"column":87},"end":{"line":7,"column":1}},"line":2},"1":{"name":"(anonymous_1)","decl":{"start":{"line":8,"column":46},"end":{"line":8,"column":47}},"loc":{"start":{"line":8,"column":62},"end":{"line":10,"column":1}},"line":8}},"branchMap":{"0":{"loc":{"start":{"line":2,"column":17},"end":{"line":7,"column":1}},"type":"binary-expr","locations":[{"start":{"line":2,"column":18},"end":{"line":2,"column":22}},{"start":{"line":2,"column":26},"end":{"line":2,"column":41}},{"start":{"line":2,"column":46},"end":{"line":7,"column":1}}],"line":2},"1":{"loc":{"start":{"line":3,"column":34},"end":{"line":3,"column":125}},"type":"cond-expr","locations":[{"start":{"line":3,"column":42},"end":{"line":3,"column":48}},{"start":{"line":3,"column":51},"end":{"line":3,"column":125}}],"line":3},"2":{"loc":{"start":{"line":3,"column":51},"end":{"line":3,"column":125}},"type":"cond-expr","locations":[{"start":{"line":3,"column":67},"end":{"line":3,"column":118}},{"start":{"line":3,"column":121},"end":{"line":3,"column":125}}],"line":3},"3":{"loc":{"start":{"line":4,"column":4},"end":{"line":5,"column":150}},"type":"if","locations":[{"start":{"line":4,"column":4},"end":{"line":5,"column":150}},{"start":{"line":4,"column":4},"end":{"line":5,"column":150}}],"line":4},"4":{"loc":{"start":{"line":4,"column":8},"end":{"line":4,"column":77}},"type":"binary-expr","locations":[{"start":{"line":4,"column":8},"end":{"line":4,"column":35}},{"start":{"line":4,"column":39},"end":{"line":4,"column":77}}],"line":4},"5":{"loc":{"start":{"line":5,"column":58},"end":{"line":5,"column":150}},"type":"if","locations":[{"start":{"line":5,"column":58},"end":{"line":5,"column":150}},{"start":{"line":5,"column":58},"end":{"line":5,"column":150}}],"line":5},"6":{"loc":{"start":{"line":5,"column":85},"end":{"line":5,"column":149}},"type":"binary-expr","locations":[{"start":{"line":5,"column":86},"end":{"line":5,"column":143}},{"start":{"line":5,"column":148},"end":{"line":5,"column":149}}],"line":5},"7":{"loc":{"start":{"line":5,"column":86},"end":{"line":5,"column":143}},"type":"cond-expr","locations":[{"start":{"line":5,"column":94},"end":{"line":5,"column":98}},{"start":{"line":5,"column":101},"end":{"line":5,"column":143}}],"line":5},"8":{"loc":{"start":{"line":5,"column":101},"end":{"line":5,"column":143}},"type":"cond-expr","locations":[{"start":{"line":5,"column":109},"end":{"line":5,"column":126}},{"start":{"line":5,"column":129},"end":{"line":5,"column":143}}],"line":5},"9":{"loc":{"start":{"line":6,"column":11},"end":{"line":6,"column":62}},"type":"binary-expr","locations":[{"start":{"line":6,"column":11},"end":{"line":6,"column":16}},{"start":{"line":6,"column":20},"end":{"line":6,"column":21}},{"start":{"line":6,"column":25},"end":{"line":6,"column":62}}],"line":6},"10":{"loc":{"start":{"line":8,"column":17},"end":{"line":10,"column":1}},"type":"binary-expr","locations":[{"start":{"line":8,"column":18},"end":{"line":8,"column":22}},{"start":{"line":8,"column":26},"end":{"line":8,"column":41}},{"start":{"line":8,"column":46},"end":{"line":10,"column":1}}],"line":8},"11":{"loc":{"start":{"line":9,"column":4},"end":{"line":9,"column":109}},"type":"if","locations":[{"start":{"line":9,"column":4},"end":{"line":9,"column":109}},{"start":{"line":9,"column":4},"end":{"line":9,"column":109}}],"line":9},"12":{"loc":{"start":{"line":9,"column":8},"end":{"line":9,"column":77}},"type":"binary-expr","locations":[{"start":{"line":9,"column":8},"end":{"line":9,"column":35}},{"start":{"line":9,"column":39},"end":{"line":9,"column":77}}],"line":9}},"s":{"0":1,"1":2,"2":2,"3":2,"4":2,"5":0,"6":0,"7":0,"8":2,"9":1,"10":2,"11":2,"12":1,"13":1,"14":1,"15":1,"16":1},"f":{"0":2,"1":2},"b":{"0":[1,1,1],"1":[0,2],"2":[0,2],"3":[2,0],"4":[2,2],"5":[0,0],"6":[0,0],"7":[0,0],"8":[0,0],"9":[2,2,0],"10":[1,1,1],"11":[2,0],"12":[2,2]},"_coverageSchema":"43e27e138ebf9cfc5966b082cf9a028302ed4184","hash":"13dee810441ab45090a5dbf1377dfa1d2d67b219","contentHash":"8ac1628dd1b373a38ff5a4c90b49dfda"},"/home/matteo/Desktop/projects/cubingitaly-backend/src/models/classes/user.model.ts":{"path":"/home/matteo/Desktop/projects/cubingitaly-backend/src/models/classes/user.model.ts","statementMap":{"0":{"start":{"line":2,"column":17},"end":{"line":7,"column":1}},"1":{"start":{"line":3,"column":12},"end":{"line":3,"column":28}},"2":{"start":{"line":3,"column":34},"end":{"line":3,"column":125}},"3":{"start":{"line":4,"column":4},"end":{"line":5,"column":150}},"4":{"start":{"line":4,"column":79},"end":{"line":4,"column":131}},"5":{"start":{"line":5,"column":9},"end":{"line":5,"column":150}},"6":{"start":{"line":5,"column":58},"end":{"line":5,"column":150}},"7":{"start":{"line":5,"column":81},"end":{"line":5,"column":150}},"8":{"start":{"line":6,"column":4},"end":{"line":6,"column":66}},"9":{"start":{"line":8,"column":17},"end":{"line":10,"column":1}},"10":{"start":{"line":9,"column":4},"end":{"line":9,"column":109}},"11":{"start":{"line":9,"column":79},"end":{"line":9,"column":109}},"12":{"start":{"line":11,"column":0},"end":{"line":11,"column":62}},"13":{"start":{"line":12,"column":20},"end":{"line":12,"column":40}},"14":{"start":{"line":13,"column":21},"end":{"line":13,"column":44}},"15":{"start":{"line":27,"column":8},"end":{"line":27,"column":24}},"16":{"start":{"line":40,"column":8},"end":{"line":40,"column":85}},"17":{"start":{"line":51,"column":20},"end":{"line":51,"column":66}},"18":{"start":{"line":51,"column":49},"end":{"line":51,"column":64}},"19":{"start":{"line":52,"column":8},"end":{"line":52,"column":28}},"20":{"start":{"line":64,"column":8},"end":{"line":64,"column":89}},"21":{"start":{"line":64,"column":63},"end":{"line":64,"column":78}},"22":{"start":{"line":67,"column":8},"end":{"line":67,"column":69}},"23":{"start":{"line":67,"column":42},"end":{"line":67,"column":61}},"24":{"start":{"line":76,"column":8},"end":{"line":76,"column":66}},"25":{"start":{"line":76,"column":41},"end":{"line":76,"column":59}},"26":{"start":{"line":85,"column":8},"end":{"line":85,"column":66}},"27":{"start":{"line":85,"column":41},"end":{"line":85,"column":59}},"28":{"start":{"line":94,"column":8},"end":{"line":94,"column":65}},"29":{"start":{"line":94,"column":41},"end":{"line":94,"column":58}},"30":{"start":{"line":103,"column":8},"end":{"line":103,"column":65}},"31":{"start":{"line":103,"column":41},"end":{"line":103,"column":58}},"32":{"start":{"line":112,"column":8},"end":{"line":112,"column":65}},"33":{"start":{"line":112,"column":41},"end":{"line":112,"column":58}},"34":{"start":{"line":120,"column":8},"end":{"line":120,"column":48}},"35":{"start":{"line":124,"column":8},"end":{"line":124,"column":48}},"36":{"start":{"line":127,"column":8},"end":{"line":127,"column":64}},"37":{"start":{"line":130,"column":8},"end":{"line":130,"column":55}},"38":{"start":{"line":135,"column":8},"end":{"line":135,"column":92}},"39":{"start":{"line":138,"column":8},"end":{"line":138,"column":73}},"40":{"start":{"line":143,"column":8},"end":{"line":143,"column":102}},"41":{"start":{"line":146,"column":8},"end":{"line":146,"column":57}},"42":{"start":{"line":149,"column":8},"end":{"line":149,"column":84}},"43":{"start":{"line":152,"column":8},"end":{"line":152,"column":92}},"44":{"start":{"line":155,"column":0},"end":{"line":158,"column":38}},"45":{"start":{"line":159,"column":0},"end":{"line":162,"column":42}},"46":{"start":{"line":163,"column":0},"end":{"line":166,"column":40}},"47":{"start":{"line":167,"column":0},"end":{"line":170,"column":51}},"48":{"start":{"line":171,"column":0},"end":{"line":174,"column":41}},"49":{"start":{"line":175,"column":0},"end":{"line":175,"column":30}}},"fnMap":{"0":{"name":"(anonymous_0)","decl":{"start":{"line":2,"column":46},"end":{"line":2,"column":47}},"loc":{"start":{"line":2,"column":87},"end":{"line":7,"column":1}},"line":2},"1":{"name":"(anonymous_1)","decl":{"start":{"line":8,"column":46},"end":{"line":8,"column":47}},"loc":{"start":{"line":8,"column":62},"end":{"line":10,"column":1}},"line":8},"2":{"name":"(anonymous_2)","decl":{"start":{"line":20,"column":4},"end":{"line":20,"column":5}},"loc":{"start":{"line":20,"column":18},"end":{"line":29,"column":5}},"line":20},"3":{"name":"(anonymous_3)","decl":{"start":{"line":39,"column":4},"end":{"line":39,"column":5}},"loc":{"start":{"line":39,"column":17},"end":{"line":41,"column":5}},"line":39},"4":{"name":"(anonymous_4)","decl":{"start":{"line":50,"column":4},"end":{"line":50,"column":5}},"loc":{"start":{"line":50,"column":21},"end":{"line":53,"column":5}},"line":50},"5":{"name":"(anonymous_5)","decl":{"start":{"line":51,"column":41},"end":{"line":51,"column":42}},"loc":{"start":{"line":51,"column":49},"end":{"line":51,"column":64}},"line":51},"6":{"name":"(anonymous_6)","decl":{"start":{"line":63,"column":4},"end":{"line":63,"column":5}},"loc":{"start":{"line":63,"column":21},"end":{"line":65,"column":5}},"line":63},"7":{"name":"(anonymous_7)","decl":{"start":{"line":64,"column":56},"end":{"line":64,"column":57}},"loc":{"start":{"line":64,"column":63},"end":{"line":64,"column":78}},"line":64},"8":{"name":"(anonymous_8)","decl":{"start":{"line":66,"column":4},"end":{"line":66,"column":5}},"loc":{"start":{"line":66,"column":15},"end":{"line":68,"column":5}},"line":66},"9":{"name":"(anonymous_9)","decl":{"start":{"line":67,"column":37},"end":{"line":67,"column":38}},"loc":{"start":{"line":67,"column":42},"end":{"line":67,"column":61}},"line":67},"10":{"name":"(anonymous_10)","decl":{"start":{"line":75,"column":4},"end":{"line":75,"column":5}},"loc":{"start":{"line":75,"column":14},"end":{"line":77,"column":5}},"line":75},"11":{"name":"(anonymous_11)","decl":{"start":{"line":76,"column":36},"end":{"line":76,"column":37}},"loc":{"start":{"line":76,"column":41},"end":{"line":76,"column":59}},"line":76},"12":{"name":"(anonymous_12)","decl":{"start":{"line":84,"column":4},"end":{"line":84,"column":5}},"loc":{"start":{"line":84,"column":14},"end":{"line":86,"column":5}},"line":84},"13":{"name":"(anonymous_13)","decl":{"start":{"line":85,"column":36},"end":{"line":85,"column":37}},"loc":{"start":{"line":85,"column":41},"end":{"line":85,"column":59}},"line":85},"14":{"name":"(anonymous_14)","decl":{"start":{"line":93,"column":4},"end":{"line":93,"column":5}},"loc":{"start":{"line":93,"column":13},"end":{"line":95,"column":5}},"line":93},"15":{"name":"(anonymous_15)","decl":{"start":{"line":94,"column":36},"end":{"line":94,"column":37}},"loc":{"start":{"line":94,"column":41},"end":{"line":94,"column":58}},"line":94},"16":{"name":"(anonymous_16)","decl":{"start":{"line":102,"column":4},"end":{"line":102,"column":5}},"loc":{"start":{"line":102,"column":13},"end":{"line":104,"column":5}},"line":102},"17":{"name":"(anonymous_17)","decl":{"start":{"line":103,"column":36},"end":{"line":103,"column":37}},"loc":{"start":{"line":103,"column":41},"end":{"line":103,"column":58}},"line":103},"18":{"name":"(anonymous_18)","decl":{"start":{"line":111,"column":4},"end":{"line":111,"column":5}},"loc":{"start":{"line":111,"column":13},"end":{"line":113,"column":5}},"line":111},"19":{"name":"(anonymous_19)","decl":{"start":{"line":112,"column":36},"end":{"line":112,"column":37}},"loc":{"start":{"line":112,"column":41},"end":{"line":112,"column":58}},"line":112},"20":{"name":"(anonymous_20)","decl":{"start":{"line":119,"column":4},"end":{"line":119,"column":5}},"loc":{"start":{"line":119,"column":20},"end":{"line":121,"column":5}},"line":119},"21":{"name":"(anonymous_21)","decl":{"start":{"line":123,"column":4},"end":{"line":123,"column":5}},"loc":{"start":{"line":123,"column":20},"end":{"line":125,"column":5}},"line":123},"22":{"name":"(anonymous_22)","decl":{"start":{"line":126,"column":4},"end":{"line":126,"column":5}},"loc":{"start":{"line":126,"column":24},"end":{"line":128,"column":5}},"line":126},"23":{"name":"(anonymous_23)","decl":{"start":{"line":129,"column":4},"end":{"line":129,"column":5}},"loc":{"start":{"line":129,"column":21},"end":{"line":131,"column":5}},"line":129},"24":{"name":"(anonymous_24)","decl":{"start":{"line":134,"column":4},"end":{"line":134,"column":5}},"loc":{"start":{"line":134,"column":23},"end":{"line":136,"column":5}},"line":134},"25":{"name":"(anonymous_25)","decl":{"start":{"line":137,"column":4},"end":{"line":137,"column":5}},"loc":{"start":{"line":137,"column":22},"end":{"line":139,"column":5}},"line":137},"26":{"name":"(anonymous_26)","decl":{"start":{"line":142,"column":4},"end":{"line":142,"column":5}},"loc":{"start":{"line":142,"column":24},"end":{"line":144,"column":5}},"line":142},"27":{"name":"(anonymous_27)","decl":{"start":{"line":145,"column":4},"end":{"line":145,"column":5}},"loc":{"start":{"line":145,"column":25},"end":{"line":147,"column":5}},"line":145},"28":{"name":"(anonymous_28)","decl":{"start":{"line":148,"column":4},"end":{"line":148,"column":5}},"loc":{"start":{"line":148,"column":26},"end":{"line":150,"column":5}},"line":148},"29":{"name":"(anonymous_29)","decl":{"start":{"line":151,"column":4},"end":{"line":151,"column":5}},"loc":{"start":{"line":151,"column":19},"end":{"line":153,"column":5}},"line":151}},"branchMap":{"0":{"loc":{"start":{"line":2,"column":17},"end":{"line":7,"column":1}},"type":"binary-expr","locations":[{"start":{"line":2,"column":18},"end":{"line":2,"column":22}},{"start":{"line":2,"column":26},"end":{"line":2,"column":41}},{"start":{"line":2,"column":46},"end":{"line":7,"column":1}}],"line":2},"1":{"loc":{"start":{"line":3,"column":34},"end":{"line":3,"column":125}},"type":"cond-expr","locations":[{"start":{"line":3,"column":42},"end":{"line":3,"column":48}},{"start":{"line":3,"column":51},"end":{"line":3,"column":125}}],"line":3},"2":{"loc":{"start":{"line":3,"column":51},"end":{"line":3,"column":125}},"type":"cond-expr","locations":[{"start":{"line":3,"column":67},"end":{"line":3,"column":118}},{"start":{"line":3,"column":121},"end":{"line":3,"column":125}}],"line":3},"3":{"loc":{"start":{"line":4,"column":4},"end":{"line":5,"column":150}},"type":"if","locations":[{"start":{"line":4,"column":4},"end":{"line":5,"column":150}},{"start":{"line":4,"column":4},"end":{"line":5,"column":150}}],"line":4},"4":{"loc":{"start":{"line":4,"column":8},"end":{"line":4,"column":77}},"type":"binary-expr","locations":[{"start":{"line":4,"column":8},"end":{"line":4,"column":35}},{"start":{"line":4,"column":39},"end":{"line":4,"column":77}}],"line":4},"5":{"loc":{"start":{"line":5,"column":58},"end":{"line":5,"column":150}},"type":"if","locations":[{"start":{"line":5,"column":58},"end":{"line":5,"column":150}},{"start":{"line":5,"column":58},"end":{"line":5,"column":150}}],"line":5},"6":{"loc":{"start":{"line":5,"column":85},"end":{"line":5,"column":149}},"type":"binary-expr","locations":[{"start":{"line":5,"column":86},"end":{"line":5,"column":143}},{"start":{"line":5,"column":148},"end":{"line":5,"column":149}}],"line":5},"7":{"loc":{"start":{"line":5,"column":86},"end":{"line":5,"column":143}},"type":"cond-expr","locations":[{"start":{"line":5,"column":94},"end":{"line":5,"column":98}},{"start":{"line":5,"column":101},"end":{"line":5,"column":143}}],"line":5},"8":{"loc":{"start":{"line":5,"column":101},"end":{"line":5,"column":143}},"type":"cond-expr","locations":[{"start":{"line":5,"column":109},"end":{"line":5,"column":126}},{"start":{"line":5,"column":129},"end":{"line":5,"column":143}}],"line":5},"9":{"loc":{"start":{"line":6,"column":11},"end":{"line":6,"column":62}},"type":"binary-expr","locations":[{"start":{"line":6,"column":11},"end":{"line":6,"column":16}},{"start":{"line":6,"column":20},"end":{"line":6,"column":21}},{"start":{"line":6,"column":25},"end":{"line":6,"column":62}}],"line":6},"10":{"loc":{"start":{"line":8,"column":17},"end":{"line":10,"column":1}},"type":"binary-expr","locations":[{"start":{"line":8,"column":18},"end":{"line":8,"column":22}},{"start":{"line":8,"column":26},"end":{"line":8,"column":41}},{"start":{"line":8,"column":46},"end":{"line":10,"column":1}}],"line":8},"11":{"loc":{"start":{"line":9,"column":4},"end":{"line":9,"column":109}},"type":"if","locations":[{"start":{"line":9,"column":4},"end":{"line":9,"column":109}},{"start":{"line":9,"column":4},"end":{"line":9,"column":109}}],"line":9},"12":{"loc":{"start":{"line":9,"column":8},"end":{"line":9,"column":77}},"type":"binary-expr","locations":[{"start":{"line":9,"column":8},"end":{"line":9,"column":35}},{"start":{"line":9,"column":39},"end":{"line":9,"column":77}}],"line":9},"13":{"loc":{"start":{"line":40,"column":16},"end":{"line":40,"column":83}},"type":"binary-expr","locations":[{"start":{"line":40,"column":16},"end":{"line":40,"column":50}},{"start":{"line":40,"column":54},"end":{"line":40,"column":83}}],"line":40},"14":{"loc":{"start":{"line":64,"column":15},"end":{"line":64,"column":88}},"type":"binary-expr","locations":[{"start":{"line":64,"column":15},"end":{"line":64,"column":36}},{"start":{"line":64,"column":40},"end":{"line":64,"column":88}}],"line":64},"15":{"loc":{"start":{"line":120,"column":15},"end":{"line":120,"column":47}},"type":"binary-expr","locations":[{"start":{"line":120,"column":15},"end":{"line":120,"column":29}},{"start":{"line":120,"column":33},"end":{"line":120,"column":47}}],"line":120},"16":{"loc":{"start":{"line":124,"column":15},"end":{"line":124,"column":47}},"type":"binary-expr","locations":[{"start":{"line":124,"column":15},"end":{"line":124,"column":29}},{"start":{"line":124,"column":33},"end":{"line":124,"column":47}}],"line":124},"17":{"loc":{"start":{"line":127,"column":15},"end":{"line":127,"column":63}},"type":"binary-expr","locations":[{"start":{"line":127,"column":15},"end":{"line":127,"column":39}},{"start":{"line":127,"column":43},"end":{"line":127,"column":63}}],"line":127},"18":{"loc":{"start":{"line":130,"column":15},"end":{"line":130,"column":54}},"type":"binary-expr","locations":[{"start":{"line":130,"column":15},"end":{"line":130,"column":35}},{"start":{"line":130,"column":39},"end":{"line":130,"column":54}}],"line":130},"19":{"loc":{"start":{"line":135,"column":15},"end":{"line":135,"column":91}},"type":"binary-expr","locations":[{"start":{"line":135,"column":15},"end":{"line":135,"column":29}},{"start":{"line":135,"column":33},"end":{"line":135,"column":47}},{"start":{"line":135,"column":51},"end":{"line":135,"column":64}},{"start":{"line":135,"column":68},"end":{"line":135,"column":91}}],"line":135},"20":{"loc":{"start":{"line":138,"column":15},"end":{"line":138,"column":72}},"type":"binary-expr","locations":[{"start":{"line":138,"column":15},"end":{"line":138,"column":38}},{"start":{"line":138,"column":42},"end":{"line":138,"column":55}},{"start":{"line":138,"column":59},"end":{"line":138,"column":72}}],"line":138},"21":{"loc":{"start":{"line":143,"column":15},"end":{"line":143,"column":101}},"type":"binary-expr","locations":[{"start":{"line":143,"column":15},"end":{"line":143,"column":29}},{"start":{"line":143,"column":33},"end":{"line":143,"column":47}},{"start":{"line":143,"column":51},"end":{"line":143,"column":74}},{"start":{"line":143,"column":78},"end":{"line":143,"column":101}}],"line":143},"22":{"loc":{"start":{"line":146,"column":15},"end":{"line":146,"column":56}},"type":"binary-expr","locations":[{"start":{"line":146,"column":15},"end":{"line":146,"column":39}},{"start":{"line":146,"column":43},"end":{"line":146,"column":56}}],"line":146},"23":{"loc":{"start":{"line":149,"column":15},"end":{"line":149,"column":83}},"type":"binary-expr","locations":[{"start":{"line":149,"column":15},"end":{"line":149,"column":39}},{"start":{"line":149,"column":43},"end":{"line":149,"column":56}},{"start":{"line":149,"column":60},"end":{"line":149,"column":83}}],"line":149},"24":{"loc":{"start":{"line":152,"column":15},"end":{"line":152,"column":91}},"type":"binary-expr","locations":[{"start":{"line":152,"column":15},"end":{"line":152,"column":40}},{"start":{"line":152,"column":44},"end":{"line":152,"column":57}},{"start":{"line":152,"column":61},"end":{"line":152,"column":74}},{"start":{"line":152,"column":78},"end":{"line":152,"column":91}}],"line":152}},"s":{"0":1,"1":5,"2":5,"3":5,"4":5,"5":0,"6":0,"7":0,"8":5,"9":1,"10":5,"11":5,"12":1,"13":1,"14":1,"15":147,"16":3,"17":97,"18":83,"19":97,"20":94,"21":26,"22":8,"23":7,"24":119,"25":109,"26":99,"27":89,"28":20,"29":16,"30":25,"31":21,"32":10,"33":8,"34":12,"35":35,"36":12,"37":12,"38":24,"39":12,"40":48,"41":24,"42":12,"43":12,"44":1,"45":1,"46":1,"47":1,"48":1,"49":1},"f":{"0":5,"1":5,"2":147,"3":3,"4":97,"5":83,"6":94,"7":26,"8":8,"9":7,"10":119,"11":109,"12":99,"13":89,"14":20,"15":16,"16":25,"17":21,"18":10,"19":8,"20":12,"21":35,"22":12,"23":12,"24":24,"25":12,"26":48,"27":24,"28":12,"29":12},"b":{"0":[1,1,1],"1":[0,5],"2":[0,5],"3":[5,0],"4":[5,5],"5":[0,0],"6":[0,0],"7":[0,0],"8":[0,0],"9":[5,5,0],"10":[1,1,1],"11":[5,0],"12":[5,5],"13":[3,3],"14":[94,26],"15":[12,10],"16":[35,29],"17":[12,11],"18":[12,8],"19":[24,20,16,12],"20":[12,5,3],"21":[48,40,32,28],"22":[24,12],"23":[12,6,5],"24":[12,5,5,3]},"_coverageSchema":"43e27e138ebf9cfc5966b082cf9a028302ed4184","hash":"542bde328506932fce5e21f84d148fab245d660c","contentHash":"3144f0e6c7aa990d7223b622f661a2c7"},"/home/matteo/Desktop/projects/cubingitaly-backend/src/models/classes/role.model.ts":{"path":"/home/matteo/Desktop/projects/cubingitaly-backend/src/models/classes/role.model.ts","statementMap":{"0":{"start":{"line":2,"column":17},"end":{"line":7,"column":1}},"1":{"start":{"line":3,"column":12},"end":{"line":3,"column":28}},"2":{"start":{"line":3,"column":34},"end":{"line":3,"column":125}},"3":{"start":{"line":4,"column":4},"end":{"line":5,"column":150}},"4":{"start":{"line":4,"column":79},"end":{"line":4,"column":131}},"5":{"start":{"line":5,"column":9},"end":{"line":5,"column":150}},"6":{"start":{"line":5,"column":58},"end":{"line":5,"column":150}},"7":{"start":{"line":5,"column":81},"end":{"line":5,"column":150}},"8":{"start":{"line":6,"column":4},"end":{"line":6,"column":66}},"9":{"start":{"line":8,"column":17},"end":{"line":10,"column":1}},"10":{"start":{"line":9,"column":4},"end":{"line":9,"column":109}},"11":{"start":{"line":9,"column":79},"end":{"line":9,"column":109}},"12":{"start":{"line":11,"column":0},"end":{"line":11,"column":62}},"13":{"start":{"line":12,"column":20},"end":{"line":12,"column":40}},"14":{"start":{"line":28,"column":8},"end":{"line":28,"column":93}},"15":{"start":{"line":31,"column":0},"end":{"line":34,"column":40}},"16":{"start":{"line":35,"column":0},"end":{"line":38,"column":40}},"17":{"start":{"line":39,"column":0},"end":{"line":42,"column":44}},"18":{"start":{"line":43,"column":0},"end":{"line":43,"column":30}}},"fnMap":{"0":{"name":"(anonymous_0)","decl":{"start":{"line":2,"column":46},"end":{"line":2,"column":47}},"loc":{"start":{"line":2,"column":87},"end":{"line":7,"column":1}},"line":2},"1":{"name":"(anonymous_1)","decl":{"start":{"line":8,"column":46},"end":{"line":8,"column":47}},"loc":{"start":{"line":8,"column":62},"end":{"line":10,"column":1}},"line":8},"2":{"name":"(anonymous_2)","decl":{"start":{"line":27,"column":4},"end":{"line":27,"column":5}},"loc":{"start":{"line":27,"column":14},"end":{"line":29,"column":5}},"line":27}},"branchMap":{"0":{"loc":{"start":{"line":2,"column":17},"end":{"line":7,"column":1}},"type":"binary-expr","locations":[{"start":{"line":2,"column":18},"end":{"line":2,"column":22}},{"start":{"line":2,"column":26},"end":{"line":2,"column":41}},{"start":{"line":2,"column":46},"end":{"line":7,"column":1}}],"line":2},"1":{"loc":{"start":{"line":3,"column":34},"end":{"line":3,"column":125}},"type":"cond-expr","locations":[{"start":{"line":3,"column":42},"end":{"line":3,"column":48}},{"start":{"line":3,"column":51},"end":{"line":3,"column":125}}],"line":3},"2":{"loc":{"start":{"line":3,"column":51},"end":{"line":3,"column":125}},"type":"cond-expr","locations":[{"start":{"line":3,"column":67},"end":{"line":3,"column":118}},{"start":{"line":3,"column":121},"end":{"line":3,"column":125}}],"line":3},"3":{"loc":{"start":{"line":4,"column":4},"end":{"line":5,"column":150}},"type":"if","locations":[{"start":{"line":4,"column":4},"end":{"line":5,"column":150}},{"start":{"line":4,"column":4},"end":{"line":5,"column":150}}],"line":4},"4":{"loc":{"start":{"line":4,"column":8},"end":{"line":4,"column":77}},"type":"binary-expr","locations":[{"start":{"line":4,"column":8},"end":{"line":4,"column":35}},{"start":{"line":4,"column":39},"end":{"line":4,"column":77}}],"line":4},"5":{"loc":{"start":{"line":5,"column":58},"end":{"line":5,"column":150}},"type":"if","locations":[{"start":{"line":5,"column":58},"end":{"line":5,"column":150}},{"start":{"line":5,"column":58},"end":{"line":5,"column":150}}],"line":5},"6":{"loc":{"start":{"line":5,"column":85},"end":{"line":5,"column":149}},"type":"binary-expr","locations":[{"start":{"line":5,"column":86},"end":{"line":5,"column":143}},{"start":{"line":5,"column":148},"end":{"line":5,"column":149}}],"line":5},"7":{"loc":{"start":{"line":5,"column":86},"end":{"line":5,"column":143}},"type":"cond-expr","locations":[{"start":{"line":5,"column":94},"end":{"line":5,"column":98}},{"start":{"line":5,"column":101},"end":{"line":5,"column":143}}],"line":5},"8":{"loc":{"start":{"line":5,"column":101},"end":{"line":5,"column":143}},"type":"cond-expr","locations":[{"start":{"line":5,"column":109},"end":{"line":5,"column":126}},{"start":{"line":5,"column":129},"end":{"line":5,"column":143}}],"line":5},"9":{"loc":{"start":{"line":6,"column":11},"end":{"line":6,"column":62}},"type":"binary-expr","locations":[{"start":{"line":6,"column":11},"end":{"line":6,"column":16}},{"start":{"line":6,"column":20},"end":{"line":6,"column":21}},{"start":{"line":6,"column":25},"end":{"line":6,"column":62}}],"line":6},"10":{"loc":{"start":{"line":8,"column":17},"end":{"line":10,"column":1}},"type":"binary-expr","locations":[{"start":{"line":8,"column":18},"end":{"line":8,"column":22}},{"start":{"line":8,"column":26},"end":{"line":8,"column":41}},{"start":{"line":8,"column":46},"end":{"line":10,"column":1}}],"line":8},"11":{"loc":{"start":{"line":9,"column":4},"end":{"line":9,"column":109}},"type":"if","locations":[{"start":{"line":9,"column":4},"end":{"line":9,"column":109}},{"start":{"line":9,"column":4},"end":{"line":9,"column":109}}],"line":9},"12":{"loc":{"start":{"line":9,"column":8},"end":{"line":9,"column":77}},"type":"binary-expr","locations":[{"start":{"line":9,"column":8},"end":{"line":9,"column":35}},{"start":{"line":9,"column":39},"end":{"line":9,"column":77}}],"line":9},"13":{"loc":{"start":{"line":28,"column":16},"end":{"line":28,"column":91}},"type":"binary-expr","locations":[{"start":{"line":28,"column":16},"end":{"line":28,"column":44}},{"start":{"line":28,"column":48},"end":{"line":28,"column":68}},{"start":{"line":28,"column":72},"end":{"line":28,"column":91}}],"line":28}},"s":{"0":1,"1":3,"2":3,"3":3,"4":3,"5":0,"6":0,"7":0,"8":3,"9":1,"10":3,"11":3,"12":1,"13":1,"14":5,"15":1,"16":1,"17":1,"18":1},"f":{"0":3,"1":3,"2":5},"b":{"0":[1,1,1],"1":[0,3],"2":[0,3],"3":[3,0],"4":[3,3],"5":[0,0],"6":[0,0],"7":[0,0],"8":[0,0],"9":[3,3,0],"10":[1,1,1],"11":[3,0],"12":[3,3],"13":[5,3,2]},"_coverageSchema":"43e27e138ebf9cfc5966b082cf9a028302ed4184","hash":"010eca8606d666fc1787a64e836a09a72335f7a5","contentHash":"ecf4d2967af5a64bfd02c476af7b0e23"},"/home/matteo/Desktop/projects/cubingitaly-backend/src/db/entity/category.entity.ts":{"path":"/home/matteo/Desktop/projects/cubingitaly-backend/src/db/entity/category.entity.ts","statementMap":{"0":{"start":{"line":2,"column":17},"end":{"line":7,"column":1}},"1":{"start":{"line":3,"column":12},"end":{"line":3,"column":28}},"2":{"start":{"line":3,"column":34},"end":{"line":3,"column":125}},"3":{"start":{"line":4,"column":4},"end":{"line":5,"column":150}},"4":{"start":{"line":4,"column":79},"end":{"line":4,"column":131}},"5":{"start":{"line":5,"column":9},"end":{"line":5,"column":150}},"6":{"start":{"line":5,"column":58},"end":{"line":5,"column":150}},"7":{"start":{"line":5,"column":81},"end":{"line":5,"column":150}},"8":{"start":{"line":6,"column":4},"end":{"line":6,"column":66}},"9":{"start":{"line":8,"column":17},"end":{"line":10,"column":1}},"10":{"start":{"line":9,"column":4},"end":{"line":9,"column":109}},"11":{"start":{"line":9,"column":79},"end":{"line":9,"column":109}},"12":{"start":{"line":11,"column":0},"end":{"line":11,"column":62}},"13":{"start":{"line":12,"column":18},"end":{"line":12,"column":36}},"14":{"start":{"line":13,"column":25},"end":{"line":13,"column":71}},"15":{"start":{"line":14,"column":25},"end":{"line":14,"column":52}},"16":{"start":{"line":23,"column":28},"end":{"line":46,"column":1}},"17":{"start":{"line":31,"column":8},"end":{"line":31,"column":28}},"18":{"start":{"line":32,"column":8},"end":{"line":32,"column":32}},"19":{"start":{"line":41,"column":23},"end":{"line":41,"column":66}},"20":{"start":{"line":42,"column":8},"end":{"line":42,"column":30}},"21":{"start":{"line":43,"column":8},"end":{"line":43,"column":34}},"22":{"start":{"line":44,"column":8},"end":{"line":44,"column":24}},"23":{"start":{"line":47,"column":0},"end":{"line":50,"column":50}},"24":{"start":{"line":51,"column":0},"end":{"line":54,"column":52}},"25":{"start":{"line":55,"column":0},"end":{"line":58,"column":56}},"26":{"start":{"line":56,"column":33},"end":{"line":56,"column":63}},"27":{"start":{"line":56,"column":76},"end":{"line":56,"column":94}},"28":{"start":{"line":59,"column":0},"end":{"line":61,"column":26}},"29":{"start":{"line":62,"column":0},"end":{"line":62,"column":54}}},"fnMap":{"0":{"name":"(anonymous_0)","decl":{"start":{"line":2,"column":46},"end":{"line":2,"column":47}},"loc":{"start":{"line":2,"column":87},"end":{"line":7,"column":1}},"line":2},"1":{"name":"(anonymous_1)","decl":{"start":{"line":8,"column":46},"end":{"line":8,"column":47}},"loc":{"start":{"line":8,"column":62},"end":{"line":10,"column":1}},"line":8},"2":{"name":"(anonymous_2)","decl":{"start":{"line":30,"column":4},"end":{"line":30,"column":5}},"loc":{"start":{"line":30,"column":24},"end":{"line":33,"column":5}},"line":30},"3":{"name":"(anonymous_3)","decl":{"start":{"line":40,"column":4},"end":{"line":40,"column":5}},"loc":{"start":{"line":40,"column":17},"end":{"line":45,"column":5}},"line":40},"4":{"name":"(anonymous_4)","decl":{"start":{"line":56,"column":25},"end":{"line":56,"column":26}},"loc":{"start":{"line":56,"column":33},"end":{"line":56,"column":63}},"line":56},"5":{"name":"(anonymous_5)","decl":{"start":{"line":56,"column":65},"end":{"line":56,"column":66}},"loc":{"start":{"line":56,"column":76},"end":{"line":56,"column":94}},"line":56}},"branchMap":{"0":{"loc":{"start":{"line":2,"column":17},"end":{"line":7,"column":1}},"type":"binary-expr","locations":[{"start":{"line":2,"column":18},"end":{"line":2,"column":22}},{"start":{"line":2,"column":26},"end":{"line":2,"column":41}},{"start":{"line":2,"column":46},"end":{"line":7,"column":1}}],"line":2},"1":{"loc":{"start":{"line":3,"column":34},"end":{"line":3,"column":125}},"type":"cond-expr","locations":[{"start":{"line":3,"column":42},"end":{"line":3,"column":48}},{"start":{"line":3,"column":51},"end":{"line":3,"column":125}}],"line":3},"2":{"loc":{"start":{"line":3,"column":51},"end":{"line":3,"column":125}},"type":"cond-expr","locations":[{"start":{"line":3,"column":67},"end":{"line":3,"column":118}},{"start":{"line":3,"column":121},"end":{"line":3,"column":125}}],"line":3},"3":{"loc":{"start":{"line":4,"column":4},"end":{"line":5,"column":150}},"type":"if","locations":[{"start":{"line":4,"column":4},"end":{"line":5,"column":150}},{"start":{"line":4,"column":4},"end":{"line":5,"column":150}}],"line":4},"4":{"loc":{"start":{"line":4,"column":8},"end":{"line":4,"column":77}},"type":"binary-expr","locations":[{"start":{"line":4,"column":8},"end":{"line":4,"column":35}},{"start":{"line":4,"column":39},"end":{"line":4,"column":77}}],"line":4},"5":{"loc":{"start":{"line":5,"column":58},"end":{"line":5,"column":150}},"type":"if","locations":[{"start":{"line":5,"column":58},"end":{"line":5,"column":150}},{"start":{"line":5,"column":58},"end":{"line":5,"column":150}}],"line":5},"6":{"loc":{"start":{"line":5,"column":85},"end":{"line":5,"column":149}},"type":"binary-expr","locations":[{"start":{"line":5,"column":86},"end":{"line":5,"column":143}},{"start":{"line":5,"column":148},"end":{"line":5,"column":149}}],"line":5},"7":{"loc":{"start":{"line":5,"column":86},"end":{"line":5,"column":143}},"type":"cond-expr","locations":[{"start":{"line":5,"column":94},"end":{"line":5,"column":98}},{"start":{"line":5,"column":101},"end":{"line":5,"column":143}}],"line":5},"8":{"loc":{"start":{"line":5,"column":101},"end":{"line":5,"column":143}},"type":"cond-expr","locations":[{"start":{"line":5,"column":109},"end":{"line":5,"column":126}},{"start":{"line":5,"column":129},"end":{"line":5,"column":143}}],"line":5},"9":{"loc":{"start":{"line":6,"column":11},"end":{"line":6,"column":62}},"type":"binary-expr","locations":[{"start":{"line":6,"column":11},"end":{"line":6,"column":16}},{"start":{"line":6,"column":20},"end":{"line":6,"column":21}},{"start":{"line":6,"column":25},"end":{"line":6,"column":62}}],"line":6},"10":{"loc":{"start":{"line":8,"column":17},"end":{"line":10,"column":1}},"type":"binary-expr","locations":[{"start":{"line":8,"column":18},"end":{"line":8,"column":22}},{"start":{"line":8,"column":26},"end":{"line":8,"column":41}},{"start":{"line":8,"column":46},"end":{"line":10,"column":1}}],"line":8},"11":{"loc":{"start":{"line":9,"column":4},"end":{"line":9,"column":109}},"type":"if","locations":[{"start":{"line":9,"column":4},"end":{"line":9,"column":109}},{"start":{"line":9,"column":4},"end":{"line":9,"column":109}}],"line":9},"12":{"loc":{"start":{"line":9,"column":8},"end":{"line":9,"column":77}},"type":"binary-expr","locations":[{"start":{"line":9,"column":8},"end":{"line":9,"column":35}},{"start":{"line":9,"column":39},"end":{"line":9,"column":77}}],"line":9}},"s":{"0":1,"1":4,"2":4,"3":4,"4":4,"5":0,"6":0,"7":0,"8":4,"9":1,"10":3,"11":3,"12":1,"13":1,"14":1,"15":1,"16":1,"17":3,"18":3,"19":3,"20":3,"21":3,"22":3,"23":1,"24":1,"25":1,"26":9,"27":9,"28":1,"29":1},"f":{"0":4,"1":3,"2":3,"3":3,"4":9,"5":9},"b":{"0":[1,1,1],"1":[1,3],"2":[0,3],"3":[4,0],"4":[4,4],"5":[0,0],"6":[0,0],"7":[0,0],"8":[0,0],"9":[4,3,0],"10":[1,1,1],"11":[3,0],"12":[3,3]},"_coverageSchema":"43e27e138ebf9cfc5966b082cf9a028302ed4184","hash":"b7487d21e15895f0b29ea2d645c8b9e9dc4096c2","contentHash":"48f65f8c9230ba3320d40a3638b58ea6"},"/home/matteo/Desktop/projects/cubingitaly-backend/src/db/entity/user.entity.ts":{"path":"/home/matteo/Desktop/projects/cubingitaly-backend/src/db/entity/user.entity.ts","statementMap":{"0":{"start":{"line":2,"column":17},"end":{"line":7,"column":1}},"1":{"start":{"line":3,"column":12},"end":{"line":3,"column":28}},"2":{"start":{"line":3,"column":34},"end":{"line":3,"column":125}},"3":{"start":{"line":4,"column":4},"end":{"line":5,"column":150}},"4":{"start":{"line":4,"column":79},"end":{"line":4,"column":131}},"5":{"start":{"line":5,"column":9},"end":{"line":5,"column":150}},"6":{"start":{"line":5,"column":58},"end":{"line":5,"column":150}},"7":{"start":{"line":5,"column":81},"end":{"line":5,"column":150}},"8":{"start":{"line":6,"column":4},"end":{"line":6,"column":66}},"9":{"start":{"line":8,"column":17},"end":{"line":10,"column":1}},"10":{"start":{"line":9,"column":4},"end":{"line":9,"column":109}},"11":{"start":{"line":9,"column":79},"end":{"line":9,"column":109}},"12":{"start":{"line":11,"column":0},"end":{"line":11,"column":62}},"13":{"start":{"line":12,"column":18},"end":{"line":12,"column":36}},"14":{"start":{"line":13,"column":21},"end":{"line":13,"column":63}},"15":{"start":{"line":14,"column":22},"end":{"line":14,"column":46}},"16":{"start":{"line":15,"column":25},"end":{"line":15,"column":52}},"17":{"start":{"line":16,"column":22},"end":{"line":16,"column":46}},"18":{"start":{"line":25,"column":17},"end":{"line":57,"column":1}},"19":{"start":{"line":34,"column":8},"end":{"line":34,"column":28}},"20":{"start":{"line":35,"column":8},"end":{"line":35,"column":35}},"21":{"start":{"line":36,"column":8},"end":{"line":36,"column":32}},"22":{"start":{"line":37,"column":8},"end":{"line":37,"column":53}},"23":{"start":{"line":47,"column":19},"end":{"line":47,"column":47}},"24":{"start":{"line":48,"column":8},"end":{"line":48,"column":26}},"25":{"start":{"line":49,"column":8},"end":{"line":49,"column":30}},"26":{"start":{"line":50,"column":8},"end":{"line":50,"column":33}},"27":{"start":{"line":51,"column":8},"end":{"line":51,"column":51}},"28":{"start":{"line":52,"column":8},"end":{"line":54,"column":9}},"29":{"start":{"line":53,"column":12},"end":{"line":53,"column":69}},"30":{"start":{"line":53,"column":50},"end":{"line":53,"column":67}},"31":{"start":{"line":55,"column":8},"end":{"line":55,"column":20}},"32":{"start":{"line":58,"column":0},"end":{"line":61,"column":39}},"33":{"start":{"line":62,"column":0},"end":{"line":65,"column":42}},"34":{"start":{"line":66,"column":0},"end":{"line":69,"column":41}},"35":{"start":{"line":70,"column":0},"end":{"line":73,"column":51}},"36":{"start":{"line":74,"column":0},"end":{"line":77,"column":42}},"37":{"start":{"line":75,"column":32},"end":{"line":75,"column":56}},"38":{"start":{"line":75,"column":66},"end":{"line":75,"column":75}},"39":{"start":{"line":78,"column":0},"end":{"line":81,"column":52}},"40":{"start":{"line":79,"column":32},"end":{"line":79,"column":62}},"41":{"start":{"line":79,"column":75},"end":{"line":79,"column":89}},"42":{"start":{"line":82,"column":0},"end":{"line":85,"column":51}},"43":{"start":{"line":83,"column":32},"end":{"line":83,"column":62}},"44":{"start":{"line":83,"column":75},"end":{"line":83,"column":93}},"45":{"start":{"line":86,"column":0},"end":{"line":89,"column":49}},"46":{"start":{"line":87,"column":32},"end":{"line":87,"column":56}},"47":{"start":{"line":87,"column":66},"end":{"line":87,"column":77}},"48":{"start":{"line":90,"column":0},"end":{"line":93,"column":48}},"49":{"start":{"line":91,"column":32},"end":{"line":91,"column":56}},"50":{"start":{"line":91,"column":66},"end":{"line":91,"column":81}},"51":{"start":{"line":94,"column":0},"end":{"line":96,"column":15}},"52":{"start":{"line":97,"column":0},"end":{"line":97,"column":32}}},"fnMap":{"0":{"name":"(anonymous_0)","decl":{"start":{"line":2,"column":46},"end":{"line":2,"column":47}},"loc":{"start":{"line":2,"column":87},"end":{"line":7,"column":1}},"line":2},"1":{"name":"(anonymous_1)","decl":{"start":{"line":8,"column":46},"end":{"line":8,"column":47}},"loc":{"start":{"line":8,"column":62},"end":{"line":10,"column":1}},"line":8},"2":{"name":"(anonymous_2)","decl":{"start":{"line":33,"column":4},"end":{"line":33,"column":5}},"loc":{"start":{"line":33,"column":24},"end":{"line":38,"column":5}},"line":33},"3":{"name":"(anonymous_3)","decl":{"start":{"line":46,"column":4},"end":{"line":46,"column":5}},"loc":{"start":{"line":46,"column":17},"end":{"line":56,"column":5}},"line":46},"4":{"name":"(anonymous_4)","decl":{"start":{"line":53,"column":40},"end":{"line":53,"column":41}},"loc":{"start":{"line":53,"column":50},"end":{"line":53,"column":67}},"line":53},"5":{"name":"(anonymous_5)","decl":{"start":{"line":75,"column":24},"end":{"line":75,"column":25}},"loc":{"start":{"line":75,"column":32},"end":{"line":75,"column":56}},"line":75},"6":{"name":"(anonymous_6)","decl":{"start":{"line":75,"column":58},"end":{"line":75,"column":59}},"loc":{"start":{"line":75,"column":66},"end":{"line":75,"column":75}},"line":75},"7":{"name":"(anonymous_7)","decl":{"start":{"line":79,"column":24},"end":{"line":79,"column":25}},"loc":{"start":{"line":79,"column":32},"end":{"line":79,"column":62}},"line":79},"8":{"name":"(anonymous_8)","decl":{"start":{"line":79,"column":64},"end":{"line":79,"column":65}},"loc":{"start":{"line":79,"column":75},"end":{"line":79,"column":89}},"line":79},"9":{"name":"(anonymous_9)","decl":{"start":{"line":83,"column":24},"end":{"line":83,"column":25}},"loc":{"start":{"line":83,"column":32},"end":{"line":83,"column":62}},"line":83},"10":{"name":"(anonymous_10)","decl":{"start":{"line":83,"column":64},"end":{"line":83,"column":65}},"loc":{"start":{"line":83,"column":75},"end":{"line":83,"column":93}},"line":83},"11":{"name":"(anonymous_11)","decl":{"start":{"line":87,"column":24},"end":{"line":87,"column":25}},"loc":{"start":{"line":87,"column":32},"end":{"line":87,"column":56}},"line":87},"12":{"name":"(anonymous_12)","decl":{"start":{"line":87,"column":58},"end":{"line":87,"column":59}},"loc":{"start":{"line":87,"column":66},"end":{"line":87,"column":77}},"line":87},"13":{"name":"(anonymous_13)","decl":{"start":{"line":91,"column":24},"end":{"line":91,"column":25}},"loc":{"start":{"line":91,"column":32},"end":{"line":91,"column":56}},"line":91},"14":{"name":"(anonymous_14)","decl":{"start":{"line":91,"column":58},"end":{"line":91,"column":59}},"loc":{"start":{"line":91,"column":66},"end":{"line":91,"column":81}},"line":91}},"branchMap":{"0":{"loc":{"start":{"line":2,"column":17},"end":{"line":7,"column":1}},"type":"binary-expr","locations":[{"start":{"line":2,"column":18},"end":{"line":2,"column":22}},{"start":{"line":2,"column":26},"end":{"line":2,"column":41}},{"start":{"line":2,"column":46},"end":{"line":7,"column":1}}],"line":2},"1":{"loc":{"start":{"line":3,"column":34},"end":{"line":3,"column":125}},"type":"cond-expr","locations":[{"start":{"line":3,"column":42},"end":{"line":3,"column":48}},{"start":{"line":3,"column":51},"end":{"line":3,"column":125}}],"line":3},"2":{"loc":{"start":{"line":3,"column":51},"end":{"line":3,"column":125}},"type":"cond-expr","locations":[{"start":{"line":3,"column":67},"end":{"line":3,"column":118}},{"start":{"line":3,"column":121},"end":{"line":3,"column":125}}],"line":3},"3":{"loc":{"start":{"line":4,"column":4},"end":{"line":5,"column":150}},"type":"if","locations":[{"start":{"line":4,"column":4},"end":{"line":5,"column":150}},{"start":{"line":4,"column":4},"end":{"line":5,"column":150}}],"line":4},"4":{"loc":{"start":{"line":4,"column":8},"end":{"line":4,"column":77}},"type":"binary-expr","locations":[{"start":{"line":4,"column":8},"end":{"line":4,"column":35}},{"start":{"line":4,"column":39},"end":{"line":4,"column":77}}],"line":4},"5":{"loc":{"start":{"line":5,"column":58},"end":{"line":5,"column":150}},"type":"if","locations":[{"start":{"line":5,"column":58},"end":{"line":5,"column":150}},{"start":{"line":5,"column":58},"end":{"line":5,"column":150}}],"line":5},"6":{"loc":{"start":{"line":5,"column":85},"end":{"line":5,"column":149}},"type":"binary-expr","locations":[{"start":{"line":5,"column":86},"end":{"line":5,"column":143}},{"start":{"line":5,"column":148},"end":{"line":5,"column":149}}],"line":5},"7":{"loc":{"start":{"line":5,"column":86},"end":{"line":5,"column":143}},"type":"cond-expr","locations":[{"start":{"line":5,"column":94},"end":{"line":5,"column":98}},{"start":{"line":5,"column":101},"end":{"line":5,"column":143}}],"line":5},"8":{"loc":{"start":{"line":5,"column":101},"end":{"line":5,"column":143}},"type":"cond-expr","locations":[{"start":{"line":5,"column":109},"end":{"line":5,"column":126}},{"start":{"line":5,"column":129},"end":{"line":5,"column":143}}],"line":5},"9":{"loc":{"start":{"line":6,"column":11},"end":{"line":6,"column":62}},"type":"binary-expr","locations":[{"start":{"line":6,"column":11},"end":{"line":6,"column":16}},{"start":{"line":6,"column":20},"end":{"line":6,"column":21}},{"start":{"line":6,"column":25},"end":{"line":6,"column":62}}],"line":6},"10":{"loc":{"start":{"line":8,"column":17},"end":{"line":10,"column":1}},"type":"binary-expr","locations":[{"start":{"line":8,"column":18},"end":{"line":8,"column":22}},{"start":{"line":8,"column":26},"end":{"line":8,"column":41}},{"start":{"line":8,"column":46},"end":{"line":10,"column":1}}],"line":8},"11":{"loc":{"start":{"line":9,"column":4},"end":{"line":9,"column":109}},"type":"if","locations":[{"start":{"line":9,"column":4},"end":{"line":9,"column":109}},{"start":{"line":9,"column":4},"end":{"line":9,"column":109}}],"line":9},"12":{"loc":{"start":{"line":9,"column":8},"end":{"line":9,"column":77}},"type":"binary-expr","locations":[{"start":{"line":9,"column":8},"end":{"line":9,"column":35}},{"start":{"line":9,"column":39},"end":{"line":9,"column":77}}],"line":9},"13":{"loc":{"start":{"line":52,"column":8},"end":{"line":54,"column":9}},"type":"if","locations":[{"start":{"line":52,"column":8},"end":{"line":54,"column":9}},{"start":{"line":52,"column":8},"end":{"line":54,"column":9}}],"line":52},"14":{"loc":{"start":{"line":52,"column":12},"end":{"line":52,"column":59}},"type":"binary-expr","locations":[{"start":{"line":52,"column":12},"end":{"line":52,"column":36}},{"start":{"line":52,"column":40},"end":{"line":52,"column":59}}],"line":52}},"s":{"0":1,"1":10,"2":10,"3":10,"4":10,"5":0,"6":0,"7":0,"8":10,"9":1,"10":9,"11":9,"12":1,"13":1,"14":1,"15":1,"16":1,"17":1,"18":1,"19":9,"20":9,"21":9,"22":9,"23":9,"24":9,"25":9,"26":9,"27":9,"28":9,"29":1,"30":1,"31":9,"32":1,"33":1,"34":1,"35":1,"36":1,"37":9,"38":9,"39":1,"40":9,"41":9,"42":1,"43":9,"44":9,"45":1,"46":9,"47":9,"48":1,"49":9,"50":9,"51":1,"52":1},"f":{"0":10,"1":9,"2":9,"3":9,"4":1,"5":9,"6":9,"7":9,"8":9,"9":9,"10":9,"11":9,"12":9,"13":9,"14":9},"b":{"0":[1,1,1],"1":[1,9],"2":[0,9],"3":[10,0],"4":[10,10],"5":[0,0],"6":[0,0],"7":[0,0],"8":[0,0],"9":[10,9,0],"10":[1,1,1],"11":[9,0],"12":[9,9],"13":[1,8],"14":[9,1]},"_coverageSchema":"43e27e138ebf9cfc5966b082cf9a028302ed4184","hash":"1a11822786b80d7d0a7c7ecc01c36f75d7b9c204","contentHash":"6f345cc183eafbd1a87d608c34653532"},"/home/matteo/Desktop/projects/cubingitaly-backend/src/db/entity/role.entity.ts":{"path":"/home/matteo/Desktop/projects/cubingitaly-backend/src/db/entity/role.entity.ts","statementMap":{"0":{"start":{"line":2,"column":17},"end":{"line":7,"column":1}},"1":{"start":{"line":3,"column":12},"end":{"line":3,"column":28}},"2":{"start":{"line":3,"column":34},"end":{"line":3,"column":125}},"3":{"start":{"line":4,"column":4},"end":{"line":5,"column":150}},"4":{"start":{"line":4,"column":79},"end":{"line":4,"column":131}},"5":{"start":{"line":5,"column":9},"end":{"line":5,"column":150}},"6":{"start":{"line":5,"column":58},"end":{"line":5,"column":150}},"7":{"start":{"line":5,"column":81},"end":{"line":5,"column":150}},"8":{"start":{"line":6,"column":4},"end":{"line":6,"column":66}},"9":{"start":{"line":8,"column":17},"end":{"line":10,"column":1}},"10":{"start":{"line":9,"column":4},"end":{"line":9,"column":109}},"11":{"start":{"line":9,"column":79},"end":{"line":9,"column":109}},"12":{"start":{"line":11,"column":0},"end":{"line":11,"column":62}},"13":{"start":{"line":12,"column":18},"end":{"line":12,"column":36}},"14":{"start":{"line":13,"column":21},"end":{"line":13,"column":63}},"15":{"start":{"line":14,"column":22},"end":{"line":14,"column":46}},"16":{"start":{"line":15,"column":22},"end":{"line":15,"column":46}},"17":{"start":{"line":23,"column":17},"end":{"line":37,"column":1}},"18":{"start":{"line":31,"column":19},"end":{"line":31,"column":47}},"19":{"start":{"line":32,"column":8},"end":{"line":32,"column":38}},"20":{"start":{"line":33,"column":8},"end":{"line":33,"column":33}},"21":{"start":{"line":34,"column":8},"end":{"line":34,"column":33}},"22":{"start":{"line":35,"column":8},"end":{"line":35,"column":20}},"23":{"start":{"line":38,"column":0},"end":{"line":41,"column":45}},"24":{"start":{"line":42,"column":0},"end":{"line":45,"column":41}},"25":{"start":{"line":43,"column":32},"end":{"line":43,"column":56}},"26":{"start":{"line":43,"column":66},"end":{"line":43,"column":76}},"27":{"start":{"line":46,"column":0},"end":{"line":49,"column":41}},"28":{"start":{"line":47,"column":32},"end":{"line":47,"column":56}},"29":{"start":{"line":47,"column":66},"end":{"line":47,"column":76}},"30":{"start":{"line":50,"column":0},"end":{"line":52,"column":15}},"31":{"start":{"line":53,"column":0},"end":{"line":53,"column":32}}},"fnMap":{"0":{"name":"(anonymous_0)","decl":{"start":{"line":2,"column":46},"end":{"line":2,"column":47}},"loc":{"start":{"line":2,"column":87},"end":{"line":7,"column":1}},"line":2},"1":{"name":"(anonymous_1)","decl":{"start":{"line":8,"column":46},"end":{"line":8,"column":47}},"loc":{"start":{"line":8,"column":62},"end":{"line":10,"column":1}},"line":8},"2":{"name":"(anonymous_2)","decl":{"start":{"line":30,"column":4},"end":{"line":30,"column":5}},"loc":{"start":{"line":30,"column":17},"end":{"line":36,"column":5}},"line":30},"3":{"name":"(anonymous_3)","decl":{"start":{"line":43,"column":24},"end":{"line":43,"column":25}},"loc":{"start":{"line":43,"column":32},"end":{"line":43,"column":56}},"line":43},"4":{"name":"(anonymous_4)","decl":{"start":{"line":43,"column":58},"end":{"line":43,"column":59}},"loc":{"start":{"line":43,"column":66},"end":{"line":43,"column":76}},"line":43},"5":{"name":"(anonymous_5)","decl":{"start":{"line":47,"column":24},"end":{"line":47,"column":25}},"loc":{"start":{"line":47,"column":32},"end":{"line":47,"column":56}},"line":47},"6":{"name":"(anonymous_6)","decl":{"start":{"line":47,"column":58},"end":{"line":47,"column":59}},"loc":{"start":{"line":47,"column":66},"end":{"line":47,"column":76}},"line":47}},"branchMap":{"0":{"loc":{"start":{"line":2,"column":17},"end":{"line":7,"column":1}},"type":"binary-expr","locations":[{"start":{"line":2,"column":18},"end":{"line":2,"column":22}},{"start":{"line":2,"column":26},"end":{"line":2,"column":41}},{"start":{"line":2,"column":46},"end":{"line":7,"column":1}}],"line":2},"1":{"loc":{"start":{"line":3,"column":34},"end":{"line":3,"column":125}},"type":"cond-expr","locations":[{"start":{"line":3,"column":42},"end":{"line":3,"column":48}},{"start":{"line":3,"column":51},"end":{"line":3,"column":125}}],"line":3},"2":{"loc":{"start":{"line":3,"column":51},"end":{"line":3,"column":125}},"type":"cond-expr","locations":[{"start":{"line":3,"column":67},"end":{"line":3,"column":118}},{"start":{"line":3,"column":121},"end":{"line":3,"column":125}}],"line":3},"3":{"loc":{"start":{"line":4,"column":4},"end":{"line":5,"column":150}},"type":"if","locations":[{"start":{"line":4,"column":4},"end":{"line":5,"column":150}},{"start":{"line":4,"column":4},"end":{"line":5,"column":150}}],"line":4},"4":{"loc":{"start":{"line":4,"column":8},"end":{"line":4,"column":77}},"type":"binary-expr","locations":[{"start":{"line":4,"column":8},"end":{"line":4,"column":35}},{"start":{"line":4,"column":39},"end":{"line":4,"column":77}}],"line":4},"5":{"loc":{"start":{"line":5,"column":58},"end":{"line":5,"column":150}},"type":"if","locations":[{"start":{"line":5,"column":58},"end":{"line":5,"column":150}},{"start":{"line":5,"column":58},"end":{"line":5,"column":150}}],"line":5},"6":{"loc":{"start":{"line":5,"column":85},"end":{"line":5,"column":149}},"type":"binary-expr","locations":[{"start":{"line":5,"column":86},"end":{"line":5,"column":143}},{"start":{"line":5,"column":148},"end":{"line":5,"column":149}}],"line":5},"7":{"loc":{"start":{"line":5,"column":86},"end":{"line":5,"column":143}},"type":"cond-expr","locations":[{"start":{"line":5,"column":94},"end":{"line":5,"column":98}},{"start":{"line":5,"column":101},"end":{"line":5,"column":143}}],"line":5},"8":{"loc":{"start":{"line":5,"column":101},"end":{"line":5,"column":143}},"type":"cond-expr","locations":[{"start":{"line":5,"column":109},"end":{"line":5,"column":126}},{"start":{"line":5,"column":129},"end":{"line":5,"column":143}}],"line":5},"9":{"loc":{"start":{"line":6,"column":11},"end":{"line":6,"column":62}},"type":"binary-expr","locations":[{"start":{"line":6,"column":11},"end":{"line":6,"column":16}},{"start":{"line":6,"column":20},"end":{"line":6,"column":21}},{"start":{"line":6,"column":25},"end":{"line":6,"column":62}}],"line":6},"10":{"loc":{"start":{"line":8,"column":17},"end":{"line":10,"column":1}},"type":"binary-expr","locations":[{"start":{"line":8,"column":18},"end":{"line":8,"column":22}},{"start":{"line":8,"column":26},"end":{"line":8,"column":41}},{"start":{"line":8,"column":46},"end":{"line":10,"column":1}}],"line":8},"11":{"loc":{"start":{"line":9,"column":4},"end":{"line":9,"column":109}},"type":"if","locations":[{"start":{"line":9,"column":4},"end":{"line":9,"column":109}},{"start":{"line":9,"column":4},"end":{"line":9,"column":109}}],"line":9},"12":{"loc":{"start":{"line":9,"column":8},"end":{"line":9,"column":77}},"type":"binary-expr","locations":[{"start":{"line":9,"column":8},"end":{"line":9,"column":35}},{"start":{"line":9,"column":39},"end":{"line":9,"column":77}}],"line":9}},"s":{"0":1,"1":4,"2":4,"3":4,"4":4,"5":0,"6":0,"7":0,"8":4,"9":1,"10":3,"11":3,"12":1,"13":1,"14":1,"15":1,"16":1,"17":1,"18":3,"19":3,"20":3,"21":3,"22":3,"23":1,"24":1,"25":9,"26":9,"27":1,"28":9,"29":9,"30":1,"31":1},"f":{"0":4,"1":3,"2":3,"3":9,"4":9,"5":9,"6":9},"b":{"0":[1,1,1],"1":[1,3],"2":[0,3],"3":[4,0],"4":[4,4],"5":[0,0],"6":[0,0],"7":[0,0],"8":[0,0],"9":[4,3,0],"10":[1,1,1],"11":[3,0],"12":[3,3]},"_coverageSchema":"43e27e138ebf9cfc5966b082cf9a028302ed4184","hash":"b76cd3351102eae4280d48ce48fbf8c38e486a03","contentHash":"4006c2071e2973d8968fd2125d34f30c"},"/home/matteo/Desktop/projects/cubingitaly-backend/src/db/entity/team.entity.ts":{"path":"/home/matteo/Desktop/projects/cubingitaly-backend/src/db/entity/team.entity.ts","statementMap":{"0":{"start":{"line":2,"column":17},"end":{"line":7,"column":1}},"1":{"start":{"line":3,"column":12},"end":{"line":3,"column":28}},"2":{"start":{"line":3,"column":34},"end":{"line":3,"column":125}},"3":{"start":{"line":4,"column":4},"end":{"line":5,"column":150}},"4":{"start":{"line":4,"column":79},"end":{"line":4,"column":131}},"5":{"start":{"line":5,"column":9},"end":{"line":5,"column":150}},"6":{"start":{"line":5,"column":58},"end":{"line":5,"column":150}},"7":{"start":{"line":5,"column":81},"end":{"line":5,"column":150}},"8":{"start":{"line":6,"column":4},"end":{"line":6,"column":66}},"9":{"start":{"line":8,"column":17},"end":{"line":10,"column":1}},"10":{"start":{"line":9,"column":4},"end":{"line":9,"column":109}},"11":{"start":{"line":9,"column":79},"end":{"line":9,"column":109}},"12":{"start":{"line":11,"column":0},"end":{"line":11,"column":62}},"13":{"start":{"line":12,"column":21},"end":{"line":12,"column":63}},"14":{"start":{"line":13,"column":18},"end":{"line":13,"column":36}},"15":{"start":{"line":14,"column":22},"end":{"line":14,"column":46}},"16":{"start":{"line":23,"column":17},"end":{"line":53,"column":1}},"17":{"start":{"line":32,"column":8},"end":{"line":32,"column":28}},"18":{"start":{"line":33,"column":8},"end":{"line":33,"column":32}},"19":{"start":{"line":34,"column":8},"end":{"line":34,"column":79}},"20":{"start":{"line":44,"column":19},"end":{"line":44,"column":47}},"21":{"start":{"line":45,"column":8},"end":{"line":45,"column":26}},"22":{"start":{"line":46,"column":8},"end":{"line":46,"column":30}},"23":{"start":{"line":47,"column":8},"end":{"line":47,"column":38}},"24":{"start":{"line":48,"column":8},"end":{"line":50,"column":9}},"25":{"start":{"line":49,"column":12},"end":{"line":49,"column":69}},"26":{"start":{"line":49,"column":50},"end":{"line":49,"column":67}},"27":{"start":{"line":51,"column":8},"end":{"line":51,"column":20}},"28":{"start":{"line":54,"column":0},"end":{"line":57,"column":39}},"29":{"start":{"line":58,"column":0},"end":{"line":61,"column":41}},"30":{"start":{"line":62,"column":0},"end":{"line":65,"column":45}},"31":{"start":{"line":66,"column":0},"end":{"line":69,"column":42}},"32":{"start":{"line":67,"column":32},"end":{"line":67,"column":56}},"33":{"start":{"line":67,"column":66},"end":{"line":67,"column":75}},"34":{"start":{"line":70,"column":0},"end":{"line":72,"column":15}},"35":{"start":{"line":73,"column":0},"end":{"line":73,"column":32}}},"fnMap":{"0":{"name":"(anonymous_0)","decl":{"start":{"line":2,"column":46},"end":{"line":2,"column":47}},"loc":{"start":{"line":2,"column":87},"end":{"line":7,"column":1}},"line":2},"1":{"name":"(anonymous_1)","decl":{"start":{"line":8,"column":46},"end":{"line":8,"column":47}},"loc":{"start":{"line":8,"column":62},"end":{"line":10,"column":1}},"line":8},"2":{"name":"(anonymous_2)","decl":{"start":{"line":31,"column":4},"end":{"line":31,"column":5}},"loc":{"start":{"line":31,"column":24},"end":{"line":35,"column":5}},"line":31},"3":{"name":"(anonymous_3)","decl":{"start":{"line":43,"column":4},"end":{"line":43,"column":5}},"loc":{"start":{"line":43,"column":17},"end":{"line":52,"column":5}},"line":43},"4":{"name":"(anonymous_4)","decl":{"start":{"line":49,"column":40},"end":{"line":49,"column":41}},"loc":{"start":{"line":49,"column":50},"end":{"line":49,"column":67}},"line":49},"5":{"name":"(anonymous_5)","decl":{"start":{"line":67,"column":24},"end":{"line":67,"column":25}},"loc":{"start":{"line":67,"column":32},"end":{"line":67,"column":56}},"line":67},"6":{"name":"(anonymous_6)","decl":{"start":{"line":67,"column":58},"end":{"line":67,"column":59}},"loc":{"start":{"line":67,"column":66},"end":{"line":67,"column":75}},"line":67}},"branchMap":{"0":{"loc":{"start":{"line":2,"column":17},"end":{"line":7,"column":1}},"type":"binary-expr","locations":[{"start":{"line":2,"column":18},"end":{"line":2,"column":22}},{"start":{"line":2,"column":26},"end":{"line":2,"column":41}},{"start":{"line":2,"column":46},"end":{"line":7,"column":1}}],"line":2},"1":{"loc":{"start":{"line":3,"column":34},"end":{"line":3,"column":125}},"type":"cond-expr","locations":[{"start":{"line":3,"column":42},"end":{"line":3,"column":48}},{"start":{"line":3,"column":51},"end":{"line":3,"column":125}}],"line":3},"2":{"loc":{"start":{"line":3,"column":51},"end":{"line":3,"column":125}},"type":"cond-expr","locations":[{"start":{"line":3,"column":67},"end":{"line":3,"column":118}},{"start":{"line":3,"column":121},"end":{"line":3,"column":125}}],"line":3},"3":{"loc":{"start":{"line":4,"column":4},"end":{"line":5,"column":150}},"type":"if","locations":[{"start":{"line":4,"column":4},"end":{"line":5,"column":150}},{"start":{"line":4,"column":4},"end":{"line":5,"column":150}}],"line":4},"4":{"loc":{"start":{"line":4,"column":8},"end":{"line":4,"column":77}},"type":"binary-expr","locations":[{"start":{"line":4,"column":8},"end":{"line":4,"column":35}},{"start":{"line":4,"column":39},"end":{"line":4,"column":77}}],"line":4},"5":{"loc":{"start":{"line":5,"column":58},"end":{"line":5,"column":150}},"type":"if","locations":[{"start":{"line":5,"column":58},"end":{"line":5,"column":150}},{"start":{"line":5,"column":58},"end":{"line":
[...]
8}},"loc":{"start":{"line":110,"column":60},"end":{"line":119,"column":9}},"line":110},"30":{"name":"(anonymous_30)","decl":{"start":{"line":112,"column":51},"end":{"line":112,"column":52}},"loc":{"start":{"line":112,"column":56},"end":{"line":112,"column":71}},"line":112},"31":{"name":"(anonymous_31)","decl":{"start":{"line":121,"column":4},"end":{"line":121,"column":5}},"loc":{"start":{"line":121,"column":38},"end":{"line":135,"column":5}},"line":121},"32":{"name":"(anonymous_32)","decl":{"start":{"line":122,"column":47},"end":{"line":122,"column":48}},"loc":{"start":{"line":122,"column":60},"end":{"line":134,"column":9}},"line":122},"33":{"name":"(anonymous_33)","decl":{"start":{"line":126,"column":43},"end":{"line":126,"column":44}},"loc":{"start":{"line":126,"column":48},"end":{"line":126,"column":63}},"line":126},"34":{"name":"(anonymous_34)","decl":{"start":{"line":136,"column":4},"end":{"line":136,"column":5}},"loc":{"start":{"line":136,"column":23},"end":{"line":148,"column":5}},"line":136},"35":{"name":"(anonymous_35)","decl":{"start":{"line":137,"column":47},"end":{"line":137,"column":48}},"loc":{"start":{"line":137,"column":60},"end":{"line":147,"column":9}},"line":137},"36":{"name":"(anonymous_36)","decl":{"start":{"line":149,"column":4},"end":{"line":149,"column":5}},"loc":{"start":{"line":149,"column":41},"end":{"line":159,"column":5}},"line":149},"37":{"name":"(anonymous_37)","decl":{"start":{"line":150,"column":47},"end":{"line":150,"column":48}},"loc":{"start":{"line":150,"column":60},"end":{"line":158,"column":9}},"line":150},"38":{"name":"(anonymous_38)","decl":{"start":{"line":154,"column":53},"end":{"line":154,"column":54}},"loc":{"start":{"line":154,"column":58},"end":{"line":154,"column":73}},"line":154},"39":{"name":"(anonymous_39)","decl":{"start":{"line":160,"column":4},"end":{"line":160,"column":5}},"loc":{"start":{"line":160,"column":44},"end":{"line":167,"column":5}},"line":160},"40":{"name":"(anonymous_40)","decl":{"start":{"line":161,"column":47},"end":{"line":161,"column":48}},"loc":{"start":{"line":161,"column":60},"end":{"line":166,"column":9}},"line":161},"41":{"name":"(anonymous_41)","decl":{"start":{"line":168,"column":4},"end":{"line":168,"column":5}},"loc":{"start":{"line":168,"column":34},"end":{"line":176,"column":5}},"line":168},"42":{"name":"(anonymous_42)","decl":{"start":{"line":169,"column":47},"end":{"line":169,"column":48}},"loc":{"start":{"line":169,"column":60},"end":{"line":175,"column":9}},"line":169},"43":{"name":"(anonymous_43)","decl":{"start":{"line":177,"column":4},"end":{"line":177,"column":5}},"loc":{"start":{"line":177,"column":35},"end":{"line":199,"column":5}},"line":177},"44":{"name":"(anonymous_44)","decl":{"start":{"line":200,"column":4},"end":{"line":200,"column":5}},"loc":{"start":{"line":200,"column":21},"end":{"line":213,"column":5}},"line":200},"45":{"name":"(anonymous_45)","decl":{"start":{"line":202,"column":31},"end":{"line":202,"column":32}},"loc":{"start":{"line":202,"column":41},"end":{"line":209,"column":13}},"line":202},"46":{"name":"(anonymous_46)","decl":{"start":{"line":214,"column":4},"end":{"line":214,"column":5}},"loc":{"start":{"line":214,"column":27},"end":{"line":219,"column":5}},"line":214},"47":{"name":"(anonymous_47)","decl":{"start":{"line":220,"column":4},"end":{"line":220,"column":5}},"loc":{"start":{"line":220,"column":22},"end":{"line":235,"column":5}},"line":220},"48":{"name":"(anonymous_48)","decl":{"start":{"line":221,"column":47},"end":{"line":221,"column":48}},"loc":{"start":{"line":221,"column":60},"end":{"line":234,"column":9}},"line":221},"49":{"name":"(anonymous_49)","decl":{"start":{"line":236,"column":4},"end":{"line":236,"column":5}},"loc":{"start":{"line":236,"column":30},"end":{"line":261,"column":5}},"line":236},"50":{"name":"(anonymous_50)","decl":{"start":{"line":262,"column":4},"end":{"line":262,"column":5}},"loc":{"start":{"line":262,"column":29},"end":{"line":266,"column":5}},"line":262},"51":{"name":"(anonymous_51)","decl":{"start":{"line":263,"column":47},"end":{"line":263,"column":48}},"loc":{"start":{"line":263,"column":60},"end":{"line":265,"column":9}},"line":263}},"branchMap":{"0":{"loc":{"start":{"line":2,"column":17},"end":{"line":7,"column":1}},"type":"binary-expr","locations":[{"start":{"line":2,"column":18},"end":{"line":2,"column":22}},{"start":{"line":2,"column":26},"end":{"line":2,"column":41}},{"start":{"line":2,"column":46},"end":{"line":7,"column":1}}],"line":2},"1":{"loc":{"start":{"line":3,"column":34},"end":{"line":3,"column":125}},"type":"cond-expr","locations":[{"start":{"line":3,"column":42},"end":{"line":3,"column":48}},{"start":{"line":3,"column":51},"end":{"line":3,"column":125}}],"line":3},"2":{"loc":{"start":{"line":3,"column":51},"end":{"line":3,"column":125}},"type":"cond-expr","locations":[{"start":{"line":3,"column":67},"end":{"line":3,"column":118}},{"start":{"line":3,"column":121},"end":{"line":3,"column":125}}],"line":3},"3":{"loc":{"start":{"line":4,"column":4},"end":{"line":5,"column":150}},"type":"if","locations":[{"start":{"line":4,"column":4},"end":{"line":5,"column":150}},{"start":{"line":4,"column":4},"end":{"line":5,"column":150}}],"line":4},"4":{"loc":{"start":{"line":4,"column":8},"end":{"line":4,"column":77}},"type":"binary-expr","locations":[{"start":{"line":4,"column":8},"end":{"line":4,"column":35}},{"start":{"line":4,"column":39},"end":{"line":4,"column":77}}],"line":4},"5":{"loc":{"start":{"line":5,"column":58},"end":{"line":5,"column":150}},"type":"if","locations":[{"start":{"line":5,"column":58},"end":{"line":5,"column":150}},{"start":{"line":5,"column":58},"end":{"line":5,"column":150}}],"line":5},"6":{"loc":{"start":{"line":5,"column":85},"end":{"line":5,"column":149}},"type":"binary-expr","locations":[{"start":{"line":5,"column":86},"end":{"line":5,"column":143}},{"start":{"line":5,"column":148},"end":{"line":5,"column":149}}],"line":5},"7":{"loc":{"start":{"line":5,"column":86},"end":{"line":5,"column":143}},"type":"cond-expr","locations":[{"start":{"line":5,"column":94},"end":{"line":5,"column":98}},{"start":{"line":5,"column":101},"end":{"line":5,"column":143}}],"line":5},"8":{"loc":{"start":{"line":5,"column":101},"end":{"line":5,"column":143}},"type":"cond-expr","locations":[{"start":{"line":5,"column":109},"end":{"line":5,"column":126}},{"start":{"line":5,"column":129},"end":{"line":5,"column":143}}],"line":5},"9":{"loc":{"start":{"line":6,"column":11},"end":{"line":6,"column":62}},"type":"binary-expr","locations":[{"start":{"line":6,"column":11},"end":{"line":6,"column":16}},{"start":{"line":6,"column":20},"end":{"line":6,"column":21}},{"start":{"line":6,"column":25},"end":{"line":6,"column":62}}],"line":6},"10":{"loc":{"start":{"line":8,"column":16},"end":{"line":15,"column":1}},"type":"binary-expr","locations":[{"start":{"line":8,"column":17},"end":{"line":8,"column":21}},{"start":{"line":8,"column":25},"end":{"line":8,"column":39}},{"start":{"line":8,"column":44},"end":{"line":15,"column":1}}],"line":8},"11":{"loc":{"start":{"line":9,"column":16},"end":{"line":9,"column":34}},"type":"binary-expr","locations":[{"start":{"line":9,"column":16},"end":{"line":9,"column":17}},{"start":{"line":9,"column":22},"end":{"line":9,"column":33}}],"line":9},"12":{"loc":{"start":{"line":12,"column":32},"end":{"line":12,"column":148}},"type":"cond-expr","locations":[{"start":{"line":12,"column":46},"end":{"line":12,"column":67}},{"start":{"line":12,"column":70},"end":{"line":12,"column":148}}],"line":12},"13":{"loc":{"start":{"line":13,"column":51},"end":{"line":13,"column":67}},"type":"binary-expr","locations":[{"start":{"line":13,"column":51},"end":{"line":13,"column":61}},{"start":{"line":13,"column":65},"end":{"line":13,"column":67}}],"line":13},"14":{"loc":{"start":{"line":82,"column":12},"end":{"line":87,"column":13}},"type":"if","locations":[{"start":{"line":82,"column":12},"end":{"line":87,"column":13}},{"start":{"line":82,"column":12},"end":{"line":87,"column":13}}],"line":82},"15":{"loc":{"start":{"line":99,"column":12},"end":{"line":101,"column":13}},"type":"if","locations":[{"start":{"line":99,"column":12},"end":{"line":101,"column":13}},{"start":{"line":99,"column":12},"end":{"line":101,"column":13}}],"line":99},"16":{"loc":{"start":{"line":102,"column":12},"end":{"line":103,"column":36}},"type":"if","locations":[{"start":{"line":102,"column":12},"end":{"line":103,"column":36}},{"start":{"line":102,"column":12},"end":{"line":103,"column":36}}],"line":102},"17":{"loc":{"start":{"line":127,"column":12},"end":{"line":132,"column":13}},"type":"if","locations":[{"start":{"line":127,"column":12},"end":{"line":132,"column":13}},{"start":{"line":127,"column":12},"end":{"line":132,"column":13}}],"line":127},"18":{"loc":{"start":{"line":152,"column":12},"end":{"line":156,"column":13}},"type":"if","locations":[{"start":{"line":152,"column":12},"end":{"line":156,"column":13}},{"start":{"line":152,"column":12},"end":{"line":156,"column":13}}],"line":152},"19":{"loc":{"start":{"line":179,"column":8},"end":{"line":186,"column":9}},"type":"if","locations":[{"start":{"line":179,"column":8},"end":{"line":186,"column":9}},{"start":{"line":179,"column":8},"end":{"line":186,"column":9}}],"line":179},"20":{"loc":{"start":{"line":183,"column":13},"end":{"line":186,"column":9}},"type":"if","locations":[{"start":{"line":183,"column":13},"end":{"line":186,"column":9}},{"start":{"line":183,"column":13},"end":{"line":186,"column":9}}],"line":183},"21":{"loc":{"start":{"line":188,"column":8},"end":{"line":197,"column":9}},"type":"if","locations":[{"start":{"line":188,"column":8},"end":{"line":197,"column":9}},{"start":{"line":188,"column":8},"end":{"line":197,"column":9}}],"line":188},"22":{"loc":{"start":{"line":193,"column":13},"end":{"line":197,"column":9}},"type":"if","locations":[{"start":{"line":193,"column":13},"end":{"line":197,"column":9}},{"start":{"line":193,"column":13},"end":{"line":197,"column":9}}],"line":193},"23":{"loc":{"start":{"line":201,"column":8},"end":{"line":211,"column":23}},"type":"if","locations":[{"start":{"line":201,"column":8},"end":{"line":211,"column":23}},{"start":{"line":201,"column":8},"end":{"line":211,"column":23}}],"line":201},"24":{"loc":{"start":{"line":201,"column":12},"end":{"line":201,"column":37}},"type":"binary-expr","locations":[{"start":{"line":201,"column":12},"end":{"line":201,"column":17}},{"start":{"line":201,"column":21},"end":{"line":201,"column":37}}],"line":201},"25":{"loc":{"start":{"line":203,"column":16},"end":{"line":208,"column":29}},"type":"if","locations":[{"start":{"line":203,"column":16},"end":{"line":208,"column":29}},{"start":{"line":203,"column":16},"end":{"line":208,"column":29}}],"line":203},"26":{"loc":{"start":{"line":205,"column":21},"end":{"line":208,"column":29}},"type":"if","locations":[{"start":{"line":205,"column":21},"end":{"line":208,"column":29}},{"start":{"line":205,"column":21},"end":{"line":208,"column":29}}],"line":205},"27":{"loc":{"start":{"line":226,"column":16},"end":{"line":232,"column":17}},"type":"if","locations":[{"start":{"line":226,"column":16},"end":{"line":232,"column":17}},{"start":{"line":226,"column":16},"end":{"line":232,"column":17}}],"line":226},"28":{"loc":{"start":{"line":258,"column":8},"end":{"line":259,"column":28}},"type":"if","locations":[{"start":{"line":258,"column":8},"end":{"line":259,"column":28}},{"start":{"line":258,"column":8},"end":{"line":259,"column":28}}],"line":258},"29":{"loc":{"start":{"line":258,"column":12},"end":{"line":258,"column":111}},"type":"binary-expr","locations":[{"start":{"line":258,"column":12},"end":{"line":258,"column":21}},{"start":{"line":258,"column":25},"end":{"line":258,"column":39}},{"start":{"line":258,"column":43},"end":{"line":258,"column":56}},{"start":{"line":258,"column":60},"end":{"line":258,"column":72}},{"start":{"line":258,"column":76},"end":{"line":258,"column":94}},{"start":{"line":258,"column":98},"end":{"line":258,"column":111}}],"line":258}},"s":{"0":1,"1":1,"2":1,"3":1,"4":1,"5":0,"6":0,"7":0,"8":1,"9":1,"10":142,"11":128,"12":128,"13":0,"14":0,"15":0,"16":0,"17":270,"18":128,"19":142,"20":1,"21":1,"22":1,"23":1,"24":1,"25":1,"26":2,"27":2,"28":1,"29":1,"30":2,"31":2,"32":2,"33":2,"34":36,"35":36,"36":36,"37":7,"38":7,"39":16,"40":16,"41":26,"42":26,"43":26,"44":26,"45":26,"46":26,"47":26,"48":26,"49":26,"50":26,"51":3,"52":3,"53":3,"54":3,"55":3,"56":3,"57":2,"58":2,"59":2,"60":1,"61":1,"62":1,"63":1,"64":1,"65":2,"66":2,"67":2,"68":2,"69":2,"70":2,"71":2,"72":2,"73":1,"74":2,"75":0,"76":2,"77":2,"78":2,"79":2,"80":2,"81":2,"82":4,"83":2,"84":2,"85":2,"86":2,"87":2,"88":2,"89":6,"90":6,"91":6,"92":6,"93":6,"94":10,"95":6,"96":5,"97":5,"98":5,"99":5,"100":6,"101":1,"102":1,"103":1,"104":1,"105":1,"106":1,"107":1,"108":1,"109":1,"110":3,"111":3,"112":3,"113":2,"114":2,"115":2,"116":2,"117":1,"118":1,"119":1,"120":1,"121":1,"122":1,"123":1,"124":1,"125":1,"126":0,"127":1,"128":5,"129":5,"130":1,"131":1,"132":4,"133":1,"134":1,"135":5,"136":5,"137":2,"138":2,"139":3,"140":1,"141":1,"142":5,"143":13,"144":13,"145":12,"146":6,"147":6,"148":6,"149":0,"150":0,"151":13,"152":10,"153":18,"154":10,"155":26,"156":26,"157":26,"158":31,"159":31,"160":26,"161":5,"162":5,"163":26,"164":26,"165":26,"166":26,"167":26,"168":26,"169":26,"170":26,"171":26,"172":26,"173":26,"174":26,"175":8,"176":26,"177":6,"178":26,"179":5,"180":26,"181":5,"182":5,"183":1,"184":1},"f":{"0":1,"1":142,"2":142,"3":128,"4":0,"5":270,"6":128,"7":2,"8":1,"9":1,"10":2,"11":2,"12":2,"13":2,"14":36,"15":36,"16":7,"17":7,"18":16,"19":16,"20":26,"21":26,"22":3,"23":3,"24":2,"25":2,"26":2,"27":2,"28":2,"29":2,"30":4,"31":6,"32":6,"33":10,"34":1,"35":1,"36":3,"37":3,"38":2,"39":1,"40":1,"41":1,"42":1,"43":5,"44":13,"45":12,"46":10,"47":26,"48":26,"49":26,"50":5,"51":5},"b":{"0":[1,1,1],"1":[1,0],"2":[0,0],"3":[1,0],"4":[1,1],"5":[0,0],"6":[0,0],"7":[0,0],"8":[0,0],"9":[1,0,0],"10":[1,1,1],"11":[142,142],"12":[142,128],"13":[142,142],"14":[1,1],"15":[1,1],"16":[0,2],"17":[5,1],"18":[2,1],"19":[1,4],"20":[1,3],"21":[2,3],"22":[1,2],"23":[13,0],"24":[13,13],"25":[6,6],"26":[6,0],"27":[26,5],"28":[5,21],"29":[26,23,21,21,21,21]},"_coverageSchema":"43e27e138ebf9cfc5966b082cf9a028302ed4184","hash":"e2ea14909729020d170eb28255700cc96f71cd7c","contentHash":"6be2432ef88229df59267ba7c57d33bf"},"/home/matteo/Desktop/projects/cubingitaly-backend/src/db/entity/session.entity.ts":{"path":"/home/matteo/Desktop/projects/cubingitaly-backend/src/db/entity/session.entity.ts","statementMap":{"0":{"start":{"line":2,"column":17},"end":{"line":7,"column":1}},"1":{"start":{"line":3,"column":12},"end":{"line":3,"column":28}},"2":{"start":{"line":3,"column":34},"end":{"line":3,"column":125}},"3":{"start":{"line":4,"column":4},"end":{"line":5,"column":150}},"4":{"start":{"line":4,"column":79},"end":{"line":4,"column":131}},"5":{"start":{"line":5,"column":9},"end":{"line":5,"column":150}},"6":{"start":{"line":5,"column":58},"end":{"line":5,"column":150}},"7":{"start":{"line":5,"column":81},"end":{"line":5,"column":150}},"8":{"start":{"line":6,"column":4},"end":{"line":6,"column":66}},"9":{"start":{"line":8,"column":17},"end":{"line":10,"column":1}},"10":{"start":{"line":9,"column":4},"end":{"line":9,"column":109}},"11":{"start":{"line":9,"column":79},"end":{"line":9,"column":109}},"12":{"start":{"line":11,"column":0},"end":{"line":11,"column":62}},"13":{"start":{"line":12,"column":18},"end":{"line":12,"column":36}},"14":{"start":{"line":13,"column":14},"end":{"line":14,"column":1}},"15":{"start":{"line":15,"column":0},"end":{"line":18,"column":36}},"16":{"start":{"line":19,"column":0},"end":{"line":22,"column":43}},"17":{"start":{"line":23,"column":0},"end":{"line":26,"column":38}},"18":{"start":{"line":27,"column":0},"end":{"line":29,"column":12}},"19":{"start":{"line":30,"column":0},"end":{"line":30,"column":26}}},"fnMap":{"0":{"name":"(anonymous_0)","decl":{"start":{"line":2,"column":46},"end":{"line":2,"column":47}},"loc":{"start":{"line":2,"column":87},"end":{"line":7,"column":1}},"line":2},"1":{"name":"(anonymous_1)","decl":{"start":{"line":8,"column":46},"end":{"line":8,"column":47}},"loc":{"start":{"line":8,"column":62},"end":{"line":10,"column":1}},"line":8}},"branchMap":{"0":{"loc":{"start":{"line":2,"column":17},"end":{"line":7,"column":1}},"type":"binary-expr","locations":[{"start":{"line":2,"column":18},"end":{"line":2,"column":22}},{"start":{"line":2,"column":26},"end":{"line":2,"column":41}},{"start":{"line":2,"column":46},"end":{"line":7,"column":1}}],"line":2},"1":{"loc":{"start":{"line":3,"column":34},"end":{"line":3,"column":125}},"type":"cond-expr","locations":[{"start":{"line":3,"column":42},"end":{"line":3,"column":48}},{"start":{"line":3,"column":51},"end":{"line":3,"column":125}}],"line":3},"2":{"loc":{"start":{"line":3,"column":51},"end":{"line":3,"column":125}},"type":"cond-expr","locations":[{"start":{"line":3,"column":67},"end":{"line":3,"column":118}},{"start":{"line":3,"column":121},"end":{"line":3,"column":125}}],"line":3},"3":{"loc":{"start":{"line":4,"column":4},"end":{"line":5,"column":150}},"type":"if","locations":[{"start":{"line":4,"column":4},"end":{"line":5,"column":150}},{"start":{"line":4,"column":4},"end":{"line":5,"column":150}}],"line":4},"4":{"loc":{"start":{"line":4,"column":8},"end":{"line":4,"column":77}},"type":"binary-expr","locations":[{"start":{"line":4,"column":8},"end":{"line":4,"column":35}},{"start":{"line":4,"column":39},"end":{"line":4,"column":77}}],"line":4},"5":{"loc":{"start":{"line":5,"column":58},"end":{"line":5,"column":150}},"type":"if","locations":[{"start":{"line":5,"column":58},"end":{"line":5,"column":150}},{"start":{"line":5,"column":58},"end":{"line":5,"column":150}}],"line":5},"6":{"loc":{"start":{"line":5,"column":85},"end":{"line":5,"column":149}},"type":"binary-expr","locations":[{"start":{"line":5,"column":86},"end":{"line":5,"column":143}},{"start":{"line":5,"column":148},"end":{"line":5,"column":149}}],"line":5},"7":{"loc":{"start":{"line":5,"column":86},"end":{"line":5,"column":143}},"type":"cond-expr","locations":[{"start":{"line":5,"column":94},"end":{"line":5,"column":98}},{"start":{"line":5,"column":101},"end":{"line":5,"column":143}}],"line":5},"8":{"loc":{"start":{"line":5,"column":101},"end":{"line":5,"column":143}},"type":"cond-expr","locations":[{"start":{"line":5,"column":109},"end":{"line":5,"column":126}},{"start":{"line":5,"column":129},"end":{"line":5,"column":143}}],"line":5},"9":{"loc":{"start":{"line":6,"column":11},"end":{"line":6,"column":62}},"type":"binary-expr","locations":[{"start":{"line":6,"column":11},"end":{"line":6,"column":16}},{"start":{"line":6,"column":20},"end":{"line":6,"column":21}},{"start":{"line":6,"column":25},"end":{"line":6,"column":62}}],"line":6},"10":{"loc":{"start":{"line":8,"column":17},"end":{"line":10,"column":1}},"type":"binary-expr","locations":[{"start":{"line":8,"column":18},"end":{"line":8,"column":22}},{"start":{"line":8,"column":26},"end":{"line":8,"column":41}},{"start":{"line":8,"column":46},"end":{"line":10,"column":1}}],"line":8},"11":{"loc":{"start":{"line":9,"column":4},"end":{"line":9,"column":109}},"type":"if","locations":[{"start":{"line":9,"column":4},"end":{"line":9,"column":109}},{"start":{"line":9,"column":4},"end":{"line":9,"column":109}}],"line":9},"12":{"loc":{"start":{"line":9,"column":8},"end":{"line":9,"column":77}},"type":"binary-expr","locations":[{"start":{"line":9,"column":8},"end":{"line":9,"column":35}},{"start":{"line":9,"column":39},"end":{"line":9,"column":77}}],"line":9}},"s":{"0":1,"1":4,"2":4,"3":4,"4":4,"5":0,"6":0,"7":0,"8":4,"9":1,"10":3,"11":3,"12":1,"13":1,"14":1,"15":1,"16":1,"17":1,"18":1,"19":1},"f":{"0":4,"1":3},"b":{"0":[1,1,1],"1":[1,3],"2":[0,3],"3":[4,0],"4":[4,4],"5":[0,0],"6":[0,0],"7":[0,0],"8":[0,0],"9":[4,3,0],"10":[1,1,1],"11":[3,0],"12":[3,3]},"_coverageSchema":"43e27e138ebf9cfc5966b082cf9a028302ed4184","hash":"c5e0c12c1e40781ba235a9555464f91e850230ec","contentHash":"2d87f167b98ef783f598e817f4338a3e"}}